Using pre-set license
Built from '2020.3/staging' branch; Version is '2020.3.26f1 (7298b473bc1a) revision 7510196'; Using compiler version '192528614'; Build Type 'Release'
OS: 'Windows 11  (10.0.22000) 64bit Core' Language: 'en' Physical Memory: 16191 MB
BatchMode: 1, IsHumanControllingUs: 0, StartBugReporterOnCrash: 0, Is64bit: 1, IsPro: 0

COMMAND LINE ARGUMENTS:
C:\Program Files\Unity\Hub\Editor\2020.3.26f1\Editor\Unity.exe
-adb2
-batchMode
-noUpm
-name
AssetImportWorker0
-projectPath
D:/Unity/ShootingRange/ShootingRange
-logFile
Logs/AssetImportWorker0.log
-srvPort
63070
Successfully changed project path to: D:/Unity/ShootingRange/ShootingRange
D:/Unity/ShootingRange/ShootingRange
Using Asset Import Pipeline V2.
Refreshing native plugins compatible for Editor in 190.49 ms, found 2 plugins.
Preloading 0 native plugins for Editor in 0.00 ms.
Initialize engine version: 2020.3.26f1 (7298b473bc1a)
[Subsystems] Discovering subsystems at path C:/Program Files/Unity/Hub/Editor/2020.3.26f1/Editor/Data/Resources/UnitySubsystems
[Subsystems] Discovering subsystems at path D:/Unity/ShootingRange/ShootingRange/Assets
GfxDevice: creating device client; threaded=0
Direct3D:
    Version:  Direct3D 11.0 [level 11.1]
    Renderer: NVIDIA GeForce GTX 1660 Ti (ID=0x2191)
    Vendor:   
    VRAM:     5991 MB
    Driver:   30.0.15.1123
Initialize mono
Mono path[0] = 'C:/Program Files/Unity/Hub/Editor/2020.3.26f1/Editor/Data/Managed'
Mono path[1] = 'C:/Program Files/Unity/Hub/Editor/2020.3.26f1/Editor/Data/MonoBleedingEdge/lib/mono/unityjit'
Mono config path = 'C:/Program Files/Unity/Hub/Editor/2020.3.26f1/Editor/Data/MonoBleedingEdge/etc'
Using monoOptions --debugger-agent=transport=dt_socket,embedding=1,server=y,suspend=n,address=127.0.0.1:56500
Begin MonoManager ReloadAssembly
Registering precompiled unity dll's ...
Register platform support module: C:/Program Files/Unity/Hub/Editor/2020.3.26f1/Editor/Data/PlaybackEngines/WindowsStandaloneSupport/UnityEditor.WindowsStandalone.Extensions.dll
Registered in 0.006896 seconds.
Native extension for WindowsStandalone target not found
Refreshing native plugins compatible for Editor in 141.24 ms, found 2 plugins.
Preloading 0 native plugins for Editor in 0.00 ms.
Mono: successfully reloaded assembly
- Completed reload, in  1.219 seconds
Domain Reload Profiling:
	ReloadAssembly (1219ms)
		BeginReloadAssembly (155ms)
			ExecutionOrderSort (0ms)
			DisableScriptedObjects (0ms)
			BackupInstance (0ms)
			ReleaseScriptingObjects (0ms)
			CreateAndSetChildDomain (1ms)
		EndReloadAssembly (880ms)
			LoadAssemblies (148ms)
			RebuildTransferFunctionScriptingTraits (0ms)
			SetupTypeCache (321ms)
			ReleaseScriptCaches (0ms)
			RebuildScriptCaches (44ms)
			SetupLoadedEditorAssemblies (337ms)
				LogAssemblyErrors (0ms)
				InitializePlatformSupportModulesInManaged (7ms)
				SetLoadedEditorAssemblies (0ms)
				RefreshPlugins (141ms)
				BeforeProcessingInitializeOnLoad (14ms)
				ProcessInitializeOnLoadAttributes (135ms)
				ProcessInitializeOnLoadMethodAttributes (39ms)
				AfterProcessingInitializeOnLoad (0ms)
				EditorAssembliesLoaded (0ms)
			ExecutionOrderSort2 (0ms)
			AwakeInstancesAfterBackupRestoration (0ms)
Platform modules already initialized, skipping
Registering precompiled user dll's ...
Registered in 0.009283 seconds.
Begin MonoManager ReloadAssembly
Native extension for WindowsStandalone target not found
Refreshing native plugins compatible for Editor in 141.18 ms, found 2 plugins.
Preloading 0 native plugins for Editor in 0.00 ms.
Mono: successfully reloaded assembly
- Completed reload, in  2.396 seconds
Domain Reload Profiling:
	ReloadAssembly (2397ms)
		BeginReloadAssembly (220ms)
			ExecutionOrderSort (0ms)
			DisableScriptedObjects (8ms)
			BackupInstance (0ms)
			ReleaseScriptingObjects (0ms)
			CreateAndSetChildDomain (26ms)
		EndReloadAssembly (2071ms)
			LoadAssemblies (168ms)
			RebuildTransferFunctionScriptingTraits (0ms)
			SetupTypeCache (573ms)
			ReleaseScriptCaches (1ms)
			RebuildScriptCaches (132ms)
			SetupLoadedEditorAssemblies (1028ms)
				LogAssemblyErrors (0ms)
				InitializePlatformSupportModulesInManaged (5ms)
				SetLoadedEditorAssemblies (0ms)
				RefreshPlugins (141ms)
				BeforeProcessingInitializeOnLoad (125ms)
				ProcessInitializeOnLoadAttributes (479ms)
				ProcessInitializeOnLoadMethodAttributes (265ms)
				AfterProcessingInitializeOnLoad (13ms)
				EditorAssembliesLoaded (0ms)
			ExecutionOrderSort2 (0ms)
			AwakeInstancesAfterBackupRestoration (10ms)
Platform modules already initialized, skipping
========================================================================
Worker process is ready to serve import requests
Launched and connected shader compiler UnityShaderCompiler.exe after 0.09 seconds
Refreshing native plugins compatible for Editor in 1.52 ms, found 2 plugins.
Preloading 0 native plugins for Editor in 0.00 ms.
Unloading 4225 Unused Serialized files (Serialized files now loaded: 0)
System memory in use before: 195.7 MB.
System memory in use after: 195.9 MB.

Unloading 24 unused Assets to reduce memory usage. Loaded Objects now: 4674.
Total: 7.127500 ms (FindLiveObjects: 0.449900 ms CreateObjectMapping: 0.280200 ms MarkObjects: 6.301100 ms  DeleteObjects: 0.094900 ms)

AssetImportParameters requested are different than current active one (requested -> active):
  custom:framework-win-MediaFoundation: 216162199b28c13a410421893ffa2e32 -> 
  custom:video-decoder-ogg-theora: a1e56fd34408186e4bbccfd4996cb3dc -> 
  custom:container-muxer-webm: aa71ff27fc2769a1b78a27578f13a17b -> 
  custom:container-demuxer-webm: 4f35f7cbe854078d1ac9338744f61a02 -> 
  custom:container-demuxer-ogg: 62fdf1f143b41e24485cea50d1cbac27 -> 
  custom:video-encoder-webm-vp8: eb34c28f22e8b96e1ab97ce403110664 -> 
  custom:video-codec-MediaFoundation-h265: 746d11721c4dcdbdad8f713fa42b33f4 -> 
  custom:video-decoder-webm-vp8: 9c59270c3fd7afecdb556c50c9e8de78 -> 
  custom:audio-decoder-ogg-vorbis: bf7c407c2cedff20999df2af8eb42d56 -> 
  custom:audio-encoder-webm-vorbis: bf7c407c2cedff20999df2af8eb42d56 -> 
========================================================================
Received Import Request.
  path: Assets/SampleSceneAssets/TutorialInfo/Readme.asset
  artifactKey: Guid(83c2ed844a8c74b779a4c823d16594b1) Importer(815301076,1909f56bfc062723c751e8b465ee728b)
Start importing Assets/SampleSceneAssets/TutorialInfo/Readme.asset using Guid(83c2ed844a8c74b779a4c823d16594b1) Importer(815301076,1909f56bfc062723c751e8b465ee728b)  -> (artifact id: '2f526ef3cb39c3e098b46d739acdfcb0') in 0.062454 seconds 
  Import took 0.124975 seconds .

========================================================================
Received Import Request.
  Time since last request: 4745.044186 seconds.
  path: Assets
  artifactKey: Guid(00000000000000001000000000000000) Importer(815301076,1909f56bfc062723c751e8b465ee728b)
Start importing Assets using Guid(00000000000000001000000000000000) Importer(815301076,1909f56bfc062723c751e8b465ee728b)  -> (artifact id: '42d402b061de3733987d63b9cc3b64de') in 0.005050 seconds 
  Import took 0.023637 seconds .

========================================================================
Received Import Request.
  Time since last request: 6.143380 seconds.
  path: Assets/ShootingRange
  artifactKey: Guid(686c38be3fac4d64a9881a4a763634d3) Importer(815301076,1909f56bfc062723c751e8b465ee728b)
Start importing Assets/ShootingRange using Guid(686c38be3fac4d64a9881a4a763634d3) Importer(815301076,1909f56bfc062723c751e8b465ee728b)  -> (artifact id: '6069f2f587b00866d28d7384c35d0766') in 0.005338 seconds 
  Import took 0.023878 seconds .

========================================================================
Received Import Request.
  Time since last request: 40.518253 seconds.
  path: Assets/ShootingRange/ShootingRange.00.fbx
  artifactKey: Guid(9ac17c10495a35b4aa75f662ec855e73) Importer(815301076,1909f56bfc062723c751e8b465ee728b)
Start importing Assets/ShootingRange/ShootingRange.00.fbx using Guid(9ac17c10495a35b4aa75f662ec855e73) Importer(815301076,1909f56bfc062723c751e8b465ee728b)  -> (artifact id: '7b3642bfc70196fbb515692f6a924c40') in 1.945320 seconds 
  Import took 1.985945 seconds .

========================================================================
Received Import Request.
  Time since last request: 26.839112 seconds.
  path: Assets/ShootingRange/ShootingRange_Base_BaseMap.png
  artifactKey: Guid(f1b52ab38b2e2b24c8ba85187fc505f9) Importer(815301076,1909f56bfc062723c751e8b465ee728b)
Start importing Assets/ShootingRange/ShootingRange_Base_BaseMap.png using Guid(f1b52ab38b2e2b24c8ba85187fc505f9) Importer(815301076,1909f56bfc062723c751e8b465ee728b)  -> (artifact id: 'dab7fb2e1bdf9b519518b0f95c793818') in 0.029213 seconds 
  Import took 0.059104 seconds .

========================================================================
Received Import Request.
  Time since last request: 0.000288 seconds.
  path: Assets/ShootingRange/ShootingRange_Light_MaskMap.png
  artifactKey: Guid(e2abb7bd418053a45832acc37566cba7) Importer(815301076,1909f56bfc062723c751e8b465ee728b)
Start importing Assets/ShootingRange/ShootingRange_Light_MaskMap.png using Guid(e2abb7bd418053a45832acc37566cba7) Importer(815301076,1909f56bfc062723c751e8b465ee728b)  -> (artifact id: '859891a000de99a37527dd8ba75c9844') in 0.023181 seconds 
  Import took 0.030615 seconds .

========================================================================
Received Import Request.
  Time since last request: 0.000247 seconds.
  path: Assets/ShootingRange/ShootingRange_MainWalls_Normal.png
  artifactKey: Guid(7416ff76d9b684649a602177d66cb851) Importer(815301076,1909f56bfc062723c751e8b465ee728b)
Start importing Assets/ShootingRange/ShootingRange_MainWalls_Normal.png using Guid(7416ff76d9b684649a602177d66cb851) Importer(815301076,1909f56bfc062723c751e8b465ee728b)  -> (artifact id: '9c67ecd8b0223cf6cf4f7c7027298b56') in 0.015444 seconds 
  Import took 0.022738 seconds .

========================================================================
Received Import Request.
  Time since last request: 0.000333 seconds.
  path: Assets/ShootingRange/ShootingRange_Base_MaskMap.png
  artifactKey: Guid(cabd8177af515b64dae5c0508926a1b0) Importer(815301076,1909f56bfc062723c751e8b465ee728b)
Start importing Assets/ShootingRange/ShootingRange_Base_MaskMap.png using Guid(cabd8177af515b64dae5c0508926a1b0) Importer(815301076,1909f56bfc062723c751e8b465ee728b)  -> (artifact id: 'c76c35f71fd44d9972d4b5dab87c40b0') in 0.025179 seconds 
  Import took 0.073520 seconds .

========================================================================
Received Import Request.
  Time since last request: 0.000277 seconds.
  path: Assets/ShootingRange/ShootingRange_MainWalls_MaskMap.png
  artifactKey: Guid(dae5a7fe3281cb34995a909d0d7af320) Importer(815301076,1909f56bfc062723c751e8b465ee728b)
Start importing Assets/ShootingRange/ShootingRange_MainWalls_MaskMap.png using Guid(dae5a7fe3281cb34995a909d0d7af320) Importer(815301076,1909f56bfc062723c751e8b465ee728b)  -> (artifact id: 'a9365158ff3b13866d68094c1cc93861') in 0.015997 seconds 
  Import took 0.024742 seconds .

========================================================================
Received Import Request.
  Time since last request: 0.000270 seconds.
  path: Assets/ShootingRange/ShootingRange_BaseDoor_Normal.png
  artifactKey: Guid(96d859ce11e59a14b924854c9e4a21c2) Importer(815301076,1909f56bfc062723c751e8b465ee728b)
Start importing Assets/ShootingRange/ShootingRange_BaseDoor_Normal.png using Guid(96d859ce11e59a14b924854c9e4a21c2) Importer(815301076,1909f56bfc062723c751e8b465ee728b)  -> (artifact id: '008815345098076ed3a59239fa6ad494') in 0.015799 seconds 
  Import took 0.062917 seconds .

========================================================================
Received Import Request.
  Time since last request: 0.000268 seconds.
  path: Assets/ShootingRange/ShootingRange_DoorFrame_Normal.png
  artifactKey: Guid(201d7210c625af8428aec0c5f3a5b08d) Importer(815301076,1909f56bfc062723c751e8b465ee728b)
Start importing Assets/ShootingRange/ShootingRange_DoorFrame_Normal.png using Guid(201d7210c625af8428aec0c5f3a5b08d) Importer(815301076,1909f56bfc062723c751e8b465ee728b)  -> (artifact id: '20ff6e2afbcaf36b02e635af8cee8a6b') in 0.020696 seconds 
  Import took 0.031177 seconds .

========================================================================
Received Import Request.
  Time since last request: 0.000377 seconds.
  path: Assets/ShootingRange/ShootingRange_Knob_Normal.png
  artifactKey: Guid(c4122b6cf5d7c2b46b3c60f9df71dbe1) Importer(815301076,1909f56bfc062723c751e8b465ee728b)
Start importing Assets/ShootingRange/ShootingRange_Knob_Normal.png using Guid(c4122b6cf5d7c2b46b3c60f9df71dbe1) Importer(815301076,1909f56bfc062723c751e8b465ee728b)  -> (artifact id: '63538f0a743777dbca2be54deb65cd47') in 0.015830 seconds 
  Import took 0.025781 seconds .

========================================================================
Received Import Request.
  Time since last request: 0.000254 seconds.
  path: Assets/ShootingRange/ShootingRange_Light_BaseMap.png
  artifactKey: Guid(d3e0d0542738f694090b06d1631735b0) Importer(815301076,1909f56bfc062723c751e8b465ee728b)
Start importing Assets/ShootingRange/ShootingRange_Light_BaseMap.png using Guid(d3e0d0542738f694090b06d1631735b0) Importer(815301076,1909f56bfc062723c751e8b465ee728b)  -> (artifact id: '2a36a05f8a55e8e6f7af0c5063fde034') in 0.015653 seconds 
  Import took 0.038176 seconds .

========================================================================
Received Import Request.
  Time since last request: 0.000265 seconds.
  path: Assets/ShootingRange/ShootingRange_MainFloor_MaskMap.png
  artifactKey: Guid(33f4647f030d7a948a22c281bd1a3c43) Importer(815301076,1909f56bfc062723c751e8b465ee728b)
Start importing Assets/ShootingRange/ShootingRange_MainFloor_MaskMap.png using Guid(33f4647f030d7a948a22c281bd1a3c43) Importer(815301076,1909f56bfc062723c751e8b465ee728b)  -> (artifact id: '77ca001eaef832e69f26fd598f7a5fed') in 0.016486 seconds 
  Import took 0.025105 seconds .

========================================================================
Received Import Request.
  Time since last request: 0.000305 seconds.
  path: Assets/ShootingRange/ShootingRange_Panels_MaskMap.png
  artifactKey: Guid(c348d09f9bcc75840ad62cf51443f12e) Importer(815301076,1909f56bfc062723c751e8b465ee728b)
Start importing Assets/ShootingRange/ShootingRange_Panels_MaskMap.png using Guid(c348d09f9bcc75840ad62cf51443f12e) Importer(815301076,1909f56bfc062723c751e8b465ee728b)  -> (artifact id: '6818d3a8195970cb826f2966427988e8') in 0.016515 seconds 
  Import took 0.025455 seconds .

========================================================================
Received Import Request.
  Time since last request: 0.000231 seconds.
  path: Assets/ShootingRange/ShootingRange_BaseDoor_BaseMap.png
  artifactKey: Guid(9e954b8565d7d40479024f56b599f205) Importer(815301076,1909f56bfc062723c751e8b465ee728b)
Start importing Assets/ShootingRange/ShootingRange_BaseDoor_BaseMap.png using Guid(9e954b8565d7d40479024f56b599f205) Importer(815301076,1909f56bfc062723c751e8b465ee728b)  -> (artifact id: '845658197cb9da38c464040df94e24e0') in 0.014691 seconds 
  Import took 0.023711 seconds .

========================================================================
Received Import Request.
  Time since last request: 0.000289 seconds.
  path: Assets/ShootingRange/ShootingRange_Table_MaskMap.png
  artifactKey: Guid(0143aef0a27212f40a90a6951c6d9a66) Importer(815301076,1909f56bfc062723c751e8b465ee728b)
Start importing Assets/ShootingRange/ShootingRange_Table_MaskMap.png using Guid(0143aef0a27212f40a90a6951c6d9a66) Importer(815301076,1909f56bfc062723c751e8b465ee728b)  -> (artifact id: '7f27dcecb452cbbcd947c1213aead710') in 0.018545 seconds 
  Import took 0.026723 seconds .

========================================================================
Received Import Request.
  Time since last request: 0.000306 seconds.
  path: Assets/ShootingRange/ShootingRange_Walls_BaseMap.png
  artifactKey: Guid(b72ffaff460bb5f4d9f430f52bc892ed) Importer(815301076,1909f56bfc062723c751e8b465ee728b)
Start importing Assets/ShootingRange/ShootingRange_Walls_BaseMap.png using Guid(b72ffaff460bb5f4d9f430f52bc892ed) Importer(815301076,1909f56bfc062723c751e8b465ee728b)  -> (artifact id: '1c8393ad334df17e889ab2ed3aa25fee') in 0.015661 seconds 
  Import took 0.024563 seconds .

========================================================================
Received Import Request.
  Time since last request: 0.000242 seconds.
  path: Assets/ShootingRange/ShootingRange_Base_Normal.png
  artifactKey: Guid(ba4fa65b8a4e17f42b6476422cc141c9) Importer(815301076,1909f56bfc062723c751e8b465ee728b)
Start importing Assets/ShootingRange/ShootingRange_Base_Normal.png using Guid(ba4fa65b8a4e17f42b6476422cc141c9) Importer(815301076,1909f56bfc062723c751e8b465ee728b)  -> (artifact id: 'd91e810d84fe59ecec6dfbeef0e97c76') in 0.013441 seconds 
  Import took 0.021267 seconds .

========================================================================
Received Import Request.
  Time since last request: 0.000342 seconds.
  path: Assets/ShootingRange/ShootingRange_Wings_BaseMap.png
  artifactKey: Guid(68f71f7a5ef529243a184cdd153bddc4) Importer(815301076,1909f56bfc062723c751e8b465ee728b)
Start importing Assets/ShootingRange/ShootingRange_Wings_BaseMap.png using Guid(68f71f7a5ef529243a184cdd153bddc4) Importer(815301076,1909f56bfc062723c751e8b465ee728b)  -> (artifact id: '063c496e2d990e14ab1f34114600ec01') in 0.014670 seconds 
  Import took 0.023348 seconds .

========================================================================
Received Import Request.
  Time since last request: 0.000246 seconds.
  path: Assets/ShootingRange/ShootingRange_BaseRoom_Normal.png
  artifactKey: Guid(a707f74d61034af4a9a00ebc4670c428) Importer(815301076,1909f56bfc062723c751e8b465ee728b)
Start importing Assets/ShootingRange/ShootingRange_BaseRoom_Normal.png using Guid(a707f74d61034af4a9a00ebc4670c428) Importer(815301076,1909f56bfc062723c751e8b465ee728b)  -> (artifact id: '4a41d63c36b399a0a8568561fb2b6a5f') in 0.014490 seconds 
  Import took 0.023916 seconds .

========================================================================
Received Import Request.
  Time since last request: 0.000270 seconds.
  path: Assets/ShootingRange/ShootingRange_BaseRoom_BaseMap.png
  artifactKey: Guid(8b2068ed6945a3a4f98a02ce56ada03c) Importer(815301076,1909f56bfc062723c751e8b465ee728b)
Start importing Assets/ShootingRange/ShootingRange_BaseRoom_BaseMap.png using Guid(8b2068ed6945a3a4f98a02ce56ada03c) Importer(815301076,1909f56bfc062723c751e8b465ee728b)  -> (artifact id: '2e1df21bedfeb990117172077f1d6b44') in 0.013863 seconds 
  Import took 0.034399 seconds .

========================================================================
Received Import Request.
  Time since last request: 0.000549 seconds.
  path: Assets/ShootingRange/ShootingRange_Buttons_MaskMap.png
  artifactKey: Guid(1d8b96d464b202449bd38a54ba3920a4) Importer(815301076,1909f56bfc062723c751e8b465ee728b)
Start importing Assets/ShootingRange/ShootingRange_Buttons_MaskMap.png using Guid(1d8b96d464b202449bd38a54ba3920a4) Importer(815301076,1909f56bfc062723c751e8b465ee728b)  -> (artifact id: '992e74536fc58e40cc78cb585997db8e') in 0.015977 seconds 
  Import took 0.023744 seconds .

========================================================================
Received Import Request.
  Time since last request: 0.000322 seconds.
  path: Assets/ShootingRange/ShootingRange_Buttons_Normal.png
  artifactKey: Guid(442917a2f0d585742beb8421f3528596) Importer(815301076,1909f56bfc062723c751e8b465ee728b)
Start importing Assets/ShootingRange/ShootingRange_Buttons_Normal.png using Guid(442917a2f0d585742beb8421f3528596) Importer(815301076,1909f56bfc062723c751e8b465ee728b)  -> (artifact id: '18e7c174ade613dcb15d119f498ed25e') in 0.014625 seconds 
  Import took 0.023062 seconds .

========================================================================
Received Import Request.
  Time since last request: 0.000254 seconds.
  path: Assets/ShootingRange/ShootingRange_Knob_MaskMap.png
  artifactKey: Guid(cd44a0a326b6cf24f846eeae281c7ee0) Importer(815301076,1909f56bfc062723c751e8b465ee728b)
Start importing Assets/ShootingRange/ShootingRange_Knob_MaskMap.png using Guid(cd44a0a326b6cf24f846eeae281c7ee0) Importer(815301076,1909f56bfc062723c751e8b465ee728b)  -> (artifact id: 'bb8734abaf95145f64f9eaa20b69d4dc') in 0.015263 seconds 
  Import took 0.032403 seconds .

========================================================================
Received Import Request.
  Time since last request: 0.000257 seconds.
  path: Assets/ShootingRange/ShootingRange_Panels_BaseMap.png
  artifactKey: Guid(9e074cf348dd3f84aa7cadb278444f7f) Importer(815301076,1909f56bfc062723c751e8b465ee728b)
Start importing Assets/ShootingRange/ShootingRange_Panels_BaseMap.png using Guid(9e074cf348dd3f84aa7cadb278444f7f) Importer(815301076,1909f56bfc062723c751e8b465ee728b)  -> (artifact id: '1d6c442ba0dd1b1742e5c0b157049489') in 0.014154 seconds 
  Import took 0.022451 seconds .

========================================================================
Received Import Request.
  Time since last request: 0.000247 seconds.
  path: Assets/ShootingRange/ShootingRange_BaseDoor_MaskMap.png
  artifactKey: Guid(e64bc5cd0fb504049a0d0a4976ee93ca) Importer(815301076,1909f56bfc062723c751e8b465ee728b)
Start importing Assets/ShootingRange/ShootingRange_BaseDoor_MaskMap.png using Guid(e64bc5cd0fb504049a0d0a4976ee93ca) Importer(815301076,1909f56bfc062723c751e8b465ee728b)  -> (artifact id: '6e1c6b43153fd190c2e8da8997ec0b00') in 0.013760 seconds 
  Import took 0.022661 seconds .

========================================================================
Received Import Request.
  Time since last request: 0.000270 seconds.
  path: Assets/ShootingRange/ShootingRange_MainFloor_BaseMap.png
  artifactKey: Guid(f2a17a3cde0de544daf71532dcb5f31a) Importer(815301076,1909f56bfc062723c751e8b465ee728b)
Start importing Assets/ShootingRange/ShootingRange_MainFloor_BaseMap.png using Guid(f2a17a3cde0de544daf71532dcb5f31a) Importer(815301076,1909f56bfc062723c751e8b465ee728b)  -> (artifact id: 'd26b1c4e572ef86cc616223ac19d9ad0') in 0.014011 seconds 
  Import took 0.021460 seconds .

========================================================================
Received Import Request.
  Time since last request: 0.000273 seconds.
  path: Assets/ShootingRange/ShootingRange_MainFloor_Normal.png
  artifactKey: Guid(cfe043de88f2af3448eb9440a8d1f1e0) Importer(815301076,1909f56bfc062723c751e8b465ee728b)
Start importing Assets/ShootingRange/ShootingRange_MainFloor_Normal.png using Guid(cfe043de88f2af3448eb9440a8d1f1e0) Importer(815301076,1909f56bfc062723c751e8b465ee728b)  -> (artifact id: '26dc3242e78510f06cfa191da45550a7') in 0.014769 seconds 
  Import took 0.022301 seconds .

========================================================================
Received Import Request.
  Time since last request: 0.000217 seconds.
  path: Assets/ShootingRange/ShootingRange_MainWalls_BaseMap.png
  artifactKey: Guid(bf5b9934ba3152149b4b66557094f48b) Importer(815301076,1909f56bfc062723c751e8b465ee728b)
Start importing Assets/ShootingRange/ShootingRange_MainWalls_BaseMap.png using Guid(bf5b9934ba3152149b4b66557094f48b) Importer(815301076,1909f56bfc062723c751e8b465ee728b)  -> (artifact id: '79a225f207600e05329bd13ac92d85e5') in 0.012820 seconds 
  Import took 0.020612 seconds .

========================================================================
Received Import Request.
  Time since last request: 0.000284 seconds.
  path: Assets/ShootingRange/ShootingRange_Panels_Normal.png
  artifactKey: Guid(365c45a7caec2b14f9b2e3804800755a) Importer(815301076,1909f56bfc062723c751e8b465ee728b)
Start importing Assets/ShootingRange/ShootingRange_Panels_Normal.png using Guid(365c45a7caec2b14f9b2e3804800755a) Importer(815301076,1909f56bfc062723c751e8b465ee728b)  -> (artifact id: '2bd35b3ab2488d0abe61d89bca0a55b1') in 0.014335 seconds 
  Import took 0.030358 seconds .

========================================================================
Received Import Request.
  Time since last request: 0.000247 seconds.
  path: Assets/ShootingRange/ShootingRange_Table_BaseMap.png
  artifactKey: Guid(542aedd4b0813004fba7d2f45e17452c) Importer(815301076,1909f56bfc062723c751e8b465ee728b)
Start importing Assets/ShootingRange/ShootingRange_Table_BaseMap.png using Guid(542aedd4b0813004fba7d2f45e17452c) Importer(815301076,1909f56bfc062723c751e8b465ee728b)  -> (artifact id: '04deff46f971292af6e5424df76676f5') in 0.011770 seconds 
  Import took 0.047995 seconds .

========================================================================
Received Import Request.
  Time since last request: 0.000245 seconds.
  path: Assets/ShootingRange/ShootingRange_Knob_BaseMap.png
  artifactKey: Guid(aa7076afc2947174592eeee760f4e412) Importer(815301076,1909f56bfc062723c751e8b465ee728b)
Start importing Assets/ShootingRange/ShootingRange_Knob_BaseMap.png using Guid(aa7076afc2947174592eeee760f4e412) Importer(815301076,1909f56bfc062723c751e8b465ee728b)  -> (artifact id: 'aba07eae1c644223de650f1fe7022c97') in 0.013242 seconds 
  Import took 0.020732 seconds .

========================================================================
Received Import Request.
  Time since last request: 0.000226 seconds.
  path: Assets/ShootingRange/ShootingRange_Wings_MaskMap.png
  artifactKey: Guid(1983042c0baaee443af6ccb09560e264) Importer(815301076,1909f56bfc062723c751e8b465ee728b)
Start importing Assets/ShootingRange/ShootingRange_Wings_MaskMap.png using Guid(1983042c0baaee443af6ccb09560e264) Importer(815301076,1909f56bfc062723c751e8b465ee728b)  -> (artifact id: '52f9e2555837b889e5f3a4ca96236d12') in 0.012551 seconds 
  Import took 0.021353 seconds .

========================================================================
Received Import Request.
  Time since last request: 0.000217 seconds.
  path: Assets/ShootingRange/ShootingRange_DoorFrame_MaskMap.png
  artifactKey: Guid(3f2ecae0d8a2b024ab9f1d8604aac6b1) Importer(815301076,1909f56bfc062723c751e8b465ee728b)
Start importing Assets/ShootingRange/ShootingRange_DoorFrame_MaskMap.png using Guid(3f2ecae0d8a2b024ab9f1d8604aac6b1) Importer(815301076,1909f56bfc062723c751e8b465ee728b)  -> (artifact id: 'b15a1c8342c7a4a6c638f767af894732') in 0.015409 seconds 
  Import took 0.022447 seconds .

========================================================================
Received Import Request.
  Time since last request: 0.000227 seconds.
  path: Assets/ShootingRange/ShootingRange_Walls_MaskMap.png
  artifactKey: Guid(6c72a66f14c44694fb03f90d888d76d5) Importer(815301076,1909f56bfc062723c751e8b465ee728b)
Start importing Assets/ShootingRange/ShootingRange_Walls_MaskMap.png using Guid(6c72a66f14c44694fb03f90d888d76d5) Importer(815301076,1909f56bfc062723c751e8b465ee728b)  -> (artifact id: 'd2cd0b8c916822906bb6adc4b877ac93') in 0.016956 seconds 
  Import took 0.054445 seconds .

========================================================================
Received Import Request.
  Time since last request: 0.000249 seconds.
  path: Assets/ShootingRange/ShootingRange_BaseRoom_MaskMap.png
  artifactKey: Guid(dc113658d0d09dd408c1a8816f482fb0) Importer(815301076,1909f56bfc062723c751e8b465ee728b)
Start importing Assets/ShootingRange/ShootingRange_BaseRoom_MaskMap.png using Guid(dc113658d0d09dd408c1a8816f482fb0) Importer(815301076,1909f56bfc062723c751e8b465ee728b)  -> (artifact id: '11626bfaa3abd85c9a9b5497f04ca2eb') in 0.018749 seconds 
  Import took 0.025978 seconds .

========================================================================
Received Import Request.
  Time since last request: 0.000237 seconds.
  path: Assets/ShootingRange/ShootingRange_Light_Emissive.png
  artifactKey: Guid(49394c04558d53c43b213c0cd8cf1477) Importer(815301076,1909f56bfc062723c751e8b465ee728b)
Start importing Assets/ShootingRange/ShootingRange_Light_Emissive.png using Guid(49394c04558d53c43b213c0cd8cf1477) Importer(815301076,1909f56bfc062723c751e8b465ee728b)  -> (artifact id: '245ca6db8334911d398f9c0ce7813bc8') in 0.011790 seconds 
  Import took 0.020214 seconds .

========================================================================
Received Import Request.
  Time since last request: 0.000209 seconds.
  path: Assets/ShootingRange/ShootingRange_Light_Normal.png
  artifactKey: Guid(d03976269d4fc954ba97f4f88d018885) Importer(815301076,1909f56bfc062723c751e8b465ee728b)
Start importing Assets/ShootingRange/ShootingRange_Light_Normal.png using Guid(d03976269d4fc954ba97f4f88d018885) Importer(815301076,1909f56bfc062723c751e8b465ee728b)  -> (artifact id: '458f6972606797e978c0f5bf0fa84ca7') in 0.012181 seconds 
  Import took 0.019573 seconds .

========================================================================
Received Import Request.
  Time since last request: 0.000238 seconds.
  path: Assets/ShootingRange/ShootingRange_Buttons_BaseMap.png
  artifactKey: Guid(905348afce500ec4aa596bba0aa55eb7) Importer(815301076,1909f56bfc062723c751e8b465ee728b)
Start importing Assets/ShootingRange/ShootingRange_Buttons_BaseMap.png using Guid(905348afce500ec4aa596bba0aa55eb7) Importer(815301076,1909f56bfc062723c751e8b465ee728b)  -> (artifact id: 'fdc01314d5a1095025629da935ba03cf') in 0.014065 seconds 
  Import took 0.048590 seconds .

========================================================================
Received Import Request.
  Time since last request: 0.000330 seconds.
  path: Assets/ShootingRange/ShootingRange_DoorFrame_BaseMap.png
  artifactKey: Guid(a9efb852a6c35f7468f003201058a04b) Importer(815301076,1909f56bfc062723c751e8b465ee728b)
Start importing Assets/ShootingRange/ShootingRange_DoorFrame_BaseMap.png using Guid(a9efb852a6c35f7468f003201058a04b) Importer(815301076,1909f56bfc062723c751e8b465ee728b)  -> (artifact id: 'bdc314d20466cc77f5c05147b9f7734c') in 0.012915 seconds 
  Import took 0.020138 seconds .

========================================================================
Received Import Request.
  Time since last request: 0.000237 seconds.
  path: Assets/ShootingRange/ShootingRange_Table_Normal.png
  artifactKey: Guid(43b8387132b86cd418feaf334e52c8dd) Importer(815301076,1909f56bfc062723c751e8b465ee728b)
Start importing Assets/ShootingRange/ShootingRange_Table_Normal.png using Guid(43b8387132b86cd418feaf334e52c8dd) Importer(815301076,1909f56bfc062723c751e8b465ee728b)  -> (artifact id: 'e45f8b4a6edb2b16271ad7e2aae2e4cd') in 0.011750 seconds 
  Import took 0.019547 seconds .

========================================================================
Received Import Request.
  Time since last request: 0.000205 seconds.
  path: Assets/ShootingRange/ShootingRange_Walls_Normal.png
  artifactKey: Guid(ed2ddf61f7549ca4ebe632d5bb784a29) Importer(815301076,1909f56bfc062723c751e8b465ee728b)
Start importing Assets/ShootingRange/ShootingRange_Walls_Normal.png using Guid(ed2ddf61f7549ca4ebe632d5bb784a29) Importer(815301076,1909f56bfc062723c751e8b465ee728b)  -> (artifact id: '06ca28ea21bd49a39fcdc58fba798b48') in 0.013027 seconds 
  Import took 0.019863 seconds .

========================================================================
Received Import Request.
  Time since last request: 0.000222 seconds.
  path: Assets/ShootingRange/ShootingRange_Buttons_Emissive.png
  artifactKey: Guid(913cdd132f482fd45add669d78caa98c) Importer(815301076,1909f56bfc062723c751e8b465ee728b)
Start importing Assets/ShootingRange/ShootingRange_Buttons_Emissive.png using Guid(913cdd132f482fd45add669d78caa98c) Importer(815301076,1909f56bfc062723c751e8b465ee728b)  -> (artifact id: 'dccaa893010c931396d3794aae32b563') in 0.011901 seconds 
  Import took 0.058811 seconds .

========================================================================
Received Prepare
Registering precompiled user dll's ...
Registered in 0.013441 seconds.
Begin MonoManager ReloadAssembly
Native extension for WindowsStandalone target not found
Refreshing native plugins compatible for Editor in 1.89 ms, found 2 plugins.
Preloading 0 native plugins for Editor in 0.00 ms.
Mono: successfully reloaded assembly
- Completed reload, in  4.629 seconds
Domain Reload Profiling:
	ReloadAssembly (4630ms)
		BeginReloadAssembly (1234ms)
			ExecutionOrderSort (0ms)
			DisableScriptedObjects (325ms)
			BackupInstance (0ms)
			ReleaseScriptingObjects (0ms)
			CreateAndSetChildDomain (337ms)
		EndReloadAssembly (3235ms)
			LoadAssemblies (868ms)
			RebuildTransferFunctionScriptingTraits (0ms)
			SetupTypeCache (926ms)
			ReleaseScriptCaches (3ms)
			RebuildScriptCaches (205ms)
			SetupLoadedEditorAssemblies (865ms)
				LogAssemblyErrors (0ms)
				InitializePlatformSupportModulesInManaged (7ms)
				SetLoadedEditorAssemblies (1ms)
				RefreshPlugins (2ms)
				BeforeProcessingInitializeOnLoad (148ms)
				ProcessInitializeOnLoadAttributes (658ms)
				ProcessInitializeOnLoadMethodAttributes (29ms)
				AfterProcessingInitializeOnLoad (20ms)
				EditorAssembliesLoaded (0ms)
			ExecutionOrderSort2 (0ms)
			AwakeInstancesAfterBackupRestoration (24ms)
Platform modules already initialized, skipping
Refreshing native plugins compatible for Editor in 0.98 ms, found 2 plugins.
Preloading 0 native plugins for Editor in 0.00 ms.
Unloading 3958 Unused Serialized files (Serialized files now loaded: 0)
System memory in use before: 198.2 MB.
System memory in use after: 198.5 MB.

Unloading 17 unused Assets to reduce memory usage. Loaded Objects now: 4816.
Total: 5.102600 ms (FindLiveObjects: 0.447300 ms CreateObjectMapping: 0.153100 ms MarkObjects: 4.474200 ms  DeleteObjects: 0.026000 ms)

AssetImportParameters requested are different than current active one (requested -> active):
  custom:framework-win-MediaFoundation: 216162199b28c13a410421893ffa2e32 -> 
  custom:video-decoder-ogg-theora: a1e56fd34408186e4bbccfd4996cb3dc -> 
  custom:container-muxer-webm: aa71ff27fc2769a1b78a27578f13a17b -> 
  custom:container-demuxer-webm: 4f35f7cbe854078d1ac9338744f61a02 -> 
  custom:container-demuxer-ogg: 62fdf1f143b41e24485cea50d1cbac27 -> 
  custom:video-encoder-webm-vp8: eb34c28f22e8b96e1ab97ce403110664 -> 
  custom:video-codec-MediaFoundation-h265: 746d11721c4dcdbdad8f713fa42b33f4 -> 
  custom:video-decoder-webm-vp8: 9c59270c3fd7afecdb556c50c9e8de78 -> 
  custom:audio-decoder-ogg-vorbis: bf7c407c2cedff20999df2af8eb42d56 -> 
  custom:audio-encoder-webm-vorbis: bf7c407c2cedff20999df2af8eb42d56 -> 
========================================================================
Received Import Request.
  Time since last request: 540.394891 seconds.
  path: Assets/ShootingRange/ShootingRange_Wings_Normal.png
  artifactKey: Guid(801eb95a1f7292a47b1db2112fe627f8) Importer(815301076,1909f56bfc062723c751e8b465ee728b)
Start importing Assets/ShootingRange/ShootingRange_Wings_Normal.png using Guid(801eb95a1f7292a47b1db2112fe627f8) Importer(815301076,1909f56bfc062723c751e8b465ee728b)  -> (artifact id: '38c70ae8983d82c24478958a04dc5d22') in 0.057390 seconds 
  Import took 0.067845 seconds .

========================================================================
Received Import Request.
  Time since last request: 15.549057 seconds.
  path: Assets/ShootingRange/Booths.mat
  artifactKey: Guid(e913779a5a709cc40aa088b701ab06d6) Importer(815301076,1909f56bfc062723c751e8b465ee728b)
Start importing Assets/ShootingRange/Booths.mat using Guid(e913779a5a709cc40aa088b701ab06d6) Importer(815301076,1909f56bfc062723c751e8b465ee728b)  -> (artifact id: '86bba8aea00e8f4104435ea3845fb4db') in 0.766804 seconds 
  Import took 0.809977 seconds .

========================================================================
Received Import Request.
  Time since last request: 29.535985 seconds.
  path: Assets/ShootingRange/BoothsWall.mat
  artifactKey: Guid(e913779a5a709cc40aa088b701ab06d6) Importer(815301076,1909f56bfc062723c751e8b465ee728b)
Start importing Assets/ShootingRange/BoothsWall.mat using Guid(e913779a5a709cc40aa088b701ab06d6) Importer(815301076,1909f56bfc062723c751e8b465ee728b)  -> (artifact id: '082a54a1535b8a5867fad700e0650b01') in 0.059306 seconds 
  Import took 0.068582 seconds .

AssetImportWorkerClient::OnTransportError - code=2 error=End of file
