Using pre-set license
Built from '2020.3/staging' branch; Version is '2020.3.26f1 (7298b473bc1a) revision 7510196'; Using compiler version '192528614'; Build Type 'Release'
OS: 'Windows 11  (10.0.22000) 64bit Core' Language: 'en' Physical Memory: 16191 MB
BatchMode: 1, IsHumanControllingUs: 0, StartBugReporterOnCrash: 0, Is64bit: 1, IsPro: 0

COMMAND LINE ARGUMENTS:
C:\Program Files\Unity\Hub\Editor\2020.3.26f1\Editor\Unity.exe
-adb2
-batchMode
-noUpm
-name
AssetImportWorker0
-projectPath
D:/Unity/ShootingRange/ShootingRange
-logFile
Logs/AssetImportWorker0.log
-srvPort
55150
Successfully changed project path to: D:/Unity/ShootingRange/ShootingRange
D:/Unity/ShootingRange/ShootingRange
Using Asset Import Pipeline V2.
Refreshing native plugins compatible for Editor in 114.84 ms, found 2 plugins.
Preloading 0 native plugins for Editor in 0.00 ms.
Initialize engine version: 2020.3.26f1 (7298b473bc1a)
[Subsystems] Discovering subsystems at path C:/Program Files/Unity/Hub/Editor/2020.3.26f1/Editor/Data/Resources/UnitySubsystems
[Subsystems] Discovering subsystems at path D:/Unity/ShootingRange/ShootingRange/Assets
GfxDevice: creating device client; threaded=0
Direct3D:
    Version:  Direct3D 11.0 [level 11.1]
    Renderer: NVIDIA GeForce GTX 1660 Ti (ID=0x2191)
    Vendor:   
    VRAM:     5991 MB
    Driver:   30.0.15.1123
Initialize mono
Mono path[0] = 'C:/Program Files/Unity/Hub/Editor/2020.3.26f1/Editor/Data/Managed'
Mono path[1] = 'C:/Program Files/Unity/Hub/Editor/2020.3.26f1/Editor/Data/MonoBleedingEdge/lib/mono/unityjit'
Mono config path = 'C:/Program Files/Unity/Hub/Editor/2020.3.26f1/Editor/Data/MonoBleedingEdge/etc'
Using monoOptions --debugger-agent=transport=dt_socket,embedding=1,server=y,suspend=n,address=127.0.0.1:56792
Begin MonoManager ReloadAssembly
Registering precompiled unity dll's ...
Register platform support module: C:/Program Files/Unity/Hub/Editor/2020.3.26f1/Editor/Data/PlaybackEngines/WindowsStandaloneSupport/UnityEditor.WindowsStandalone.Extensions.dll
Registered in 0.002811 seconds.
Native extension for WindowsStandalone target not found
Refreshing native plugins compatible for Editor in 133.28 ms, found 2 plugins.
Preloading 0 native plugins for Editor in 0.00 ms.
Mono: successfully reloaded assembly
- Completed reload, in  0.868 seconds
Domain Reload Profiling:
	ReloadAssembly (868ms)
		BeginReloadAssembly (66ms)
			ExecutionOrderSort (0ms)
			DisableScriptedObjects (0ms)
			BackupInstance (0ms)
			ReleaseScriptingObjects (0ms)
			CreateAndSetChildDomain (1ms)
		EndReloadAssembly (704ms)
			LoadAssemblies (61ms)
			RebuildTransferFunctionScriptingTraits (0ms)
			SetupTypeCache (203ms)
			ReleaseScriptCaches (0ms)
			RebuildScriptCaches (42ms)
			SetupLoadedEditorAssemblies (308ms)
				LogAssemblyErrors (0ms)
				InitializePlatformSupportModulesInManaged (6ms)
				SetLoadedEditorAssemblies (0ms)
				RefreshPlugins (133ms)
				BeforeProcessingInitializeOnLoad (10ms)
				ProcessInitializeOnLoadAttributes (118ms)
				ProcessInitializeOnLoadMethodAttributes (40ms)
				AfterProcessingInitializeOnLoad (0ms)
				EditorAssembliesLoaded (0ms)
			ExecutionOrderSort2 (0ms)
			AwakeInstancesAfterBackupRestoration (0ms)
Platform modules already initialized, skipping
Registering precompiled user dll's ...
Registered in 0.007427 seconds.
Begin MonoManager ReloadAssembly
Native extension for WindowsStandalone target not found
Refreshing native plugins compatible for Editor in 119.76 ms, found 2 plugins.
Preloading 0 native plugins for Editor in 0.00 ms.
Mono: successfully reloaded assembly
- Completed reload, in  2.109 seconds
Domain Reload Profiling:
	ReloadAssembly (2110ms)
		BeginReloadAssembly (193ms)
			ExecutionOrderSort (0ms)
			DisableScriptedObjects (6ms)
			BackupInstance (0ms)
			ReleaseScriptingObjects (0ms)
			CreateAndSetChildDomain (23ms)
		EndReloadAssembly (1829ms)
			LoadAssemblies (130ms)
			RebuildTransferFunctionScriptingTraits (0ms)
			SetupTypeCache (569ms)
			ReleaseScriptCaches (1ms)
			RebuildScriptCaches (100ms)
			SetupLoadedEditorAssemblies (872ms)
				LogAssemblyErrors (0ms)
				InitializePlatformSupportModulesInManaged (7ms)
				SetLoadedEditorAssemblies (0ms)
				RefreshPlugins (120ms)
				BeforeProcessingInitializeOnLoad (109ms)
				ProcessInitializeOnLoadAttributes (385ms)
				ProcessInitializeOnLoadMethodAttributes (238ms)
				AfterProcessingInitializeOnLoad (12ms)
				EditorAssembliesLoaded (0ms)
			ExecutionOrderSort2 (0ms)
			AwakeInstancesAfterBackupRestoration (8ms)
Platform modules already initialized, skipping
========================================================================
Worker process is ready to serve import requests
Launched and connected shader compiler UnityShaderCompiler.exe after 0.10 seconds
Refreshing native plugins compatible for Editor in 1.76 ms, found 2 plugins.
Preloading 0 native plugins for Editor in 0.00 ms.
Unloading 4227 Unused Serialized files (Serialized files now loaded: 0)
System memory in use before: 197.1 MB.
System memory in use after: 197.4 MB.

Unloading 24 unused Assets to reduce memory usage. Loaded Objects now: 4678.
Total: 7.139200 ms (FindLiveObjects: 1.267700 ms CreateObjectMapping: 0.510500 ms MarkObjects: 5.246200 ms  DeleteObjects: 0.112800 ms)

AssetImportParameters requested are different than current active one (requested -> active):
  custom:framework-win-MediaFoundation: 216162199b28c13a410421893ffa2e32 -> 
  custom:video-decoder-ogg-theora: a1e56fd34408186e4bbccfd4996cb3dc -> 
  custom:container-muxer-webm: aa71ff27fc2769a1b78a27578f13a17b -> 
  custom:container-demuxer-webm: 4f35f7cbe854078d1ac9338744f61a02 -> 
  custom:container-demuxer-ogg: 62fdf1f143b41e24485cea50d1cbac27 -> 
  custom:video-encoder-webm-vp8: eb34c28f22e8b96e1ab97ce403110664 -> 
  custom:video-codec-MediaFoundation-h265: 746d11721c4dcdbdad8f713fa42b33f4 -> 
  custom:video-decoder-webm-vp8: 9c59270c3fd7afecdb556c50c9e8de78 -> 
  custom:audio-decoder-ogg-vorbis: bf7c407c2cedff20999df2af8eb42d56 -> 
  custom:audio-encoder-webm-vorbis: bf7c407c2cedff20999df2af8eb42d56 -> 
========================================================================
Received Import Request.
  path: Assets/ShootingRange/Base.mat
  artifactKey: Guid(69a3413386534b64ea3496e6f71caa95) Importer(815301076,1909f56bfc062723c751e8b465ee728b)
Start importing Assets/ShootingRange/Base.mat using Guid(69a3413386534b64ea3496e6f71caa95) Importer(815301076,1909f56bfc062723c751e8b465ee728b)  -> (artifact id: 'bce16b1ad59bbe28df5a6338b4eed76e') in 1.135549 seconds 
  Import took 1.178844 seconds .

========================================================================
Received Import Request.
  Time since last request: 48.563784 seconds.
  path: Assets/ShootingRange/Base Door.mat
  artifactKey: Guid(9511f21deb958f649af0f4e6033ccaac) Importer(815301076,1909f56bfc062723c751e8b465ee728b)
Start importing Assets/ShootingRange/Base Door.mat using Guid(9511f21deb958f649af0f4e6033ccaac) Importer(815301076,1909f56bfc062723c751e8b465ee728b)  -> (artifact id: '9eab04dfac1862106db9c1c819de4fc5') in 0.099856 seconds 
  Import took 0.125346 seconds .

========================================================================
Received Import Request.
  Time since last request: 0.000233 seconds.
  path: Assets/ShootingRange/Base.mat
  artifactKey: Guid(69a3413386534b64ea3496e6f71caa95) Importer(815301076,1909f56bfc062723c751e8b465ee728b)
Start importing Assets/ShootingRange/Base.mat using Guid(69a3413386534b64ea3496e6f71caa95) Importer(815301076,1909f56bfc062723c751e8b465ee728b)  -> (artifact id: 'a4866503c9ba90a5326dbfd4a718232d') in 0.065386 seconds 
  Import took 0.094980 seconds .

========================================================================
Received Import Request.
  Time since last request: 57.362186 seconds.
  path: Assets/ShootingRange/Base Door.mat
  artifactKey: Guid(9511f21deb958f649af0f4e6033ccaac) Importer(815301076,1909f56bfc062723c751e8b465ee728b)
Start importing Assets/ShootingRange/Base Door.mat using Guid(9511f21deb958f649af0f4e6033ccaac) Importer(815301076,1909f56bfc062723c751e8b465ee728b)  -> (artifact id: '26787a0319f5474b50e0707db3921a5e') in 0.073867 seconds 
  Import took 0.098447 seconds .

========================================================================
Received Import Request.
  Time since last request: 0.000246 seconds.
  path: Assets/ShootingRange/Room.mat
  artifactKey: Guid(51ce0c9a11349bd45b43889aa616cf90) Importer(815301076,1909f56bfc062723c751e8b465ee728b)
Start importing Assets/ShootingRange/Room.mat using Guid(51ce0c9a11349bd45b43889aa616cf90) Importer(815301076,1909f56bfc062723c751e8b465ee728b)  -> (artifact id: '46b18fdd1adff48d5caf34b1a9d8800c') in 0.063940 seconds 
  Import took 0.079505 seconds .

========================================================================
Received Import Request.
  Time since last request: 60.132051 seconds.
  path: Assets/ShootingRange/Door.mat
  artifactKey: Guid(9511f21deb958f649af0f4e6033ccaac) Importer(815301076,1909f56bfc062723c751e8b465ee728b)
Start importing Assets/ShootingRange/Door.mat using Guid(9511f21deb958f649af0f4e6033ccaac) Importer(815301076,1909f56bfc062723c751e8b465ee728b)  -> (artifact id: '9727ff9b547581492ac5176b87d9a19e') in 0.069557 seconds 
  Import took 0.091816 seconds .

========================================================================
Received Import Request.
  Time since last request: 13.640553 seconds.
  path: Assets/ShootingRange/Button.mat
  artifactKey: Guid(e87f758fc578e1a468f734600c3dd5d1) Importer(815301076,1909f56bfc062723c751e8b465ee728b)
Start importing Assets/ShootingRange/Button.mat using Guid(e87f758fc578e1a468f734600c3dd5d1) Importer(815301076,1909f56bfc062723c751e8b465ee728b)  -> (artifact id: 'af9143b5394a536855171e8f1fd04338') in 0.241257 seconds 
  Import took 0.269939 seconds .

========================================================================
Received Import Request.
  Time since last request: 0.000223 seconds.
  path: Assets/ShootingRange/Room.mat
  artifactKey: Guid(51ce0c9a11349bd45b43889aa616cf90) Importer(815301076,1909f56bfc062723c751e8b465ee728b)
Start importing Assets/ShootingRange/Room.mat using Guid(51ce0c9a11349bd45b43889aa616cf90) Importer(815301076,1909f56bfc062723c751e8b465ee728b)  -> (artifact id: 'a1dfd8f60f40ffac7760ffc01f9b4caf') in 0.076155 seconds 
  Import took 0.096380 seconds .

========================================================================
Received Import Request.
  Time since last request: 254.948342 seconds.
  path: Assets/ShootingRange/Button.mat
  artifactKey: Guid(e87f758fc578e1a468f734600c3dd5d1) Importer(815301076,1909f56bfc062723c751e8b465ee728b)
Start importing Assets/ShootingRange/Button.mat using Guid(e87f758fc578e1a468f734600c3dd5d1) Importer(815301076,1909f56bfc062723c751e8b465ee728b)  -> (artifact id: '30267c34fdae5191beb16679a71f93a0') in 0.161922 seconds 
  Import took 0.196544 seconds .

========================================================================
Received Import Request.
  Time since last request: 0.000253 seconds.
  path: Assets/ShootingRange/Frame.mat
  artifactKey: Guid(e3019958558dbf04cb1acee75d4caa97) Importer(815301076,1909f56bfc062723c751e8b465ee728b)
Start importing Assets/ShootingRange/Frame.mat using Guid(e3019958558dbf04cb1acee75d4caa97) Importer(815301076,1909f56bfc062723c751e8b465ee728b)  -> (artifact id: '6ddc864501caaba9386d9794c7aaa6a6') in 0.049141 seconds 
  Import took 0.088261 seconds .

========================================================================
Received Import Request.
  Time since last request: 97.355762 seconds.
  path: Assets/ShootingRange/Button
  artifactKey: Guid(534267ddf225c194e90d4e171d53097f) Importer(815301076,1909f56bfc062723c751e8b465ee728b)
Start importing Assets/ShootingRange/Button using Guid(534267ddf225c194e90d4e171d53097f) Importer(815301076,1909f56bfc062723c751e8b465ee728b)  -> (artifact id: '77dad565f2842dfbfd76fb4f5cd110d1') in 0.003337 seconds 
  Import took 0.024957 seconds .

========================================================================
Received Import Request.
  Time since last request: 25.014116 seconds.
  path: Assets/ShootingRange/Base
  artifactKey: Guid(1db73bd0eb0222c47824f36d3c9df2af) Importer(815301076,1909f56bfc062723c751e8b465ee728b)
Start importing Assets/ShootingRange/Base using Guid(1db73bd0eb0222c47824f36d3c9df2af) Importer(815301076,1909f56bfc062723c751e8b465ee728b)  -> (artifact id: '651ff852a0817a9610f2e7c38f72aa4d') in 0.004186 seconds 
  Import took 0.039553 seconds .

========================================================================
Received Import Request.
  Time since last request: 17.779044 seconds.
  path: Assets/ShootingRange/Door
  artifactKey: Guid(36b41ee5d0515dc448e6e8f5a6fb409d) Importer(815301076,1909f56bfc062723c751e8b465ee728b)
Start importing Assets/ShootingRange/Door using Guid(36b41ee5d0515dc448e6e8f5a6fb409d) Importer(815301076,1909f56bfc062723c751e8b465ee728b)  -> (artifact id: '29779d0adb879639b0b0ceeadad5758d') in 0.003251 seconds 
  Import took 0.036173 seconds .

========================================================================
Received Import Request.
  Time since last request: 19.503091 seconds.
  path: Assets/ShootingRange/Room
  artifactKey: Guid(e9d28b43afbb03145807026043a6ea0d) Importer(815301076,1909f56bfc062723c751e8b465ee728b)
Start importing Assets/ShootingRange/Room using Guid(e9d28b43afbb03145807026043a6ea0d) Importer(815301076,1909f56bfc062723c751e8b465ee728b)  -> (artifact id: 'a4c9e8e21839920c880b3ee19ebed80a') in 0.003392 seconds 
  Import took 0.043952 seconds .

========================================================================
Received Import Request.
  Time since last request: 15.810868 seconds.
  path: Assets/ShootingRange/Frame
  artifactKey: Guid(adcd197f712ff454492e94dade678539) Importer(815301076,1909f56bfc062723c751e8b465ee728b)
Start importing Assets/ShootingRange/Frame using Guid(adcd197f712ff454492e94dade678539) Importer(815301076,1909f56bfc062723c751e8b465ee728b)  -> (artifact id: '6f848e1eaa9bc2fbd31c12de1223a845') in 0.003592 seconds 
  Import took 0.010954 seconds .

========================================================================
Received Import Request.
  Time since last request: 15.525128 seconds.
  path: Assets/ShootingRange/Knob
  artifactKey: Guid(18b012ef290669f4e81d4c71e770a22a) Importer(815301076,1909f56bfc062723c751e8b465ee728b)
Start importing Assets/ShootingRange/Knob using Guid(18b012ef290669f4e81d4c71e770a22a) Importer(815301076,1909f56bfc062723c751e8b465ee728b)  -> (artifact id: 'b2ad2bb5f3d96d0c4c166e8057281b35') in 0.003541 seconds 
  Import took 0.018032 seconds .

========================================================================
Received Import Request.
  Time since last request: 10.931363 seconds.
  path: Assets/ShootingRange/Frame.mat
  artifactKey: Guid(e3019958558dbf04cb1acee75d4caa97) Importer(815301076,1909f56bfc062723c751e8b465ee728b)
Start importing Assets/ShootingRange/Frame.mat using Guid(e3019958558dbf04cb1acee75d4caa97) Importer(815301076,1909f56bfc062723c751e8b465ee728b)  -> (artifact id: 'c7de30c113b1045fb0e0acd248f92159') in 0.084085 seconds 
  Import took 0.113914 seconds .

========================================================================
Received Import Request.
  Time since last request: 0.000374 seconds.
  path: Assets/ShootingRange/Knob.mat
  artifactKey: Guid(ce397616f33f76348928c72dc451bcc7) Importer(815301076,1909f56bfc062723c751e8b465ee728b)
Start importing Assets/ShootingRange/Knob.mat using Guid(ce397616f33f76348928c72dc451bcc7) Importer(815301076,1909f56bfc062723c751e8b465ee728b)  -> (artifact id: '9e0d44b8313fa32ee357ef142abcc0a3') in 0.049336 seconds 
  Import took 0.060962 seconds .

========================================================================
Received Import Request.
  Time since last request: 32.773227 seconds.
  path: Assets/ShootingRange/Knob.mat
  artifactKey: Guid(ce397616f33f76348928c72dc451bcc7) Importer(815301076,1909f56bfc062723c751e8b465ee728b)
Start importing Assets/ShootingRange/Knob.mat using Guid(ce397616f33f76348928c72dc451bcc7) Importer(815301076,1909f56bfc062723c751e8b465ee728b)  -> (artifact id: '300ff5d2cee9b23b5c9d4b5c520e9e4f') in 0.067815 seconds 
  Import took 0.075631 seconds .

========================================================================
Received Import Request.
  Time since last request: 0.000244 seconds.
  path: Assets/ShootingRange/Light.mat
  artifactKey: Guid(4f72b332296f6cf4e878002530a893bd) Importer(815301076,1909f56bfc062723c751e8b465ee728b)
Start importing Assets/ShootingRange/Light.mat using Guid(4f72b332296f6cf4e878002530a893bd) Importer(815301076,1909f56bfc062723c751e8b465ee728b)  -> (artifact id: '141e2f3862fa6845a23c7862a970fb94') in 0.051922 seconds 
  Import took 0.109330 seconds .

========================================================================
Received Import Request.
  Time since last request: 38.956180 seconds.
  path: Assets/ShootingRange/Light
  artifactKey: Guid(1ff0b83523162304aaf71d412379f765) Importer(815301076,1909f56bfc062723c751e8b465ee728b)
Start importing Assets/ShootingRange/Light using Guid(1ff0b83523162304aaf71d412379f765) Importer(815301076,1909f56bfc062723c751e8b465ee728b)  -> (artifact id: '94a6d9b067473afc1479d2c0d3d42109') in 0.003913 seconds 
  Import took 0.048539 seconds .

========================================================================
Received Import Request.
  Time since last request: 19.384341 seconds.
  path: Assets/ShootingRange/Light.mat
  artifactKey: Guid(4f72b332296f6cf4e878002530a893bd) Importer(815301076,1909f56bfc062723c751e8b465ee728b)
Start importing Assets/ShootingRange/Light.mat using Guid(4f72b332296f6cf4e878002530a893bd) Importer(815301076,1909f56bfc062723c751e8b465ee728b)  -> (artifact id: '9d49a1b58348973806b11bb361d92893') in 0.055073 seconds 
  Import took 0.093753 seconds .

========================================================================
Received Import Request.
  Time since last request: 0.000244 seconds.
  path: Assets/ShootingRange/MainFloor.mat
  artifactKey: Guid(90285db5a05f2084b8f79a859be0fd4c) Importer(815301076,1909f56bfc062723c751e8b465ee728b)
Start importing Assets/ShootingRange/MainFloor.mat using Guid(90285db5a05f2084b8f79a859be0fd4c) Importer(815301076,1909f56bfc062723c751e8b465ee728b)  -> (artifact id: '7ed454e820dd19498d40fc2b8bf6f4b7') in 0.052038 seconds 
  Import took 0.096240 seconds .

========================================================================
Received Import Request.
  Time since last request: 61.789451 seconds.
  path: Assets/ShootingRange/MainFloor
  artifactKey: Guid(47f8a6012a3cda64d91aaaca85cc0382) Importer(815301076,1909f56bfc062723c751e8b465ee728b)
Start importing Assets/ShootingRange/MainFloor using Guid(47f8a6012a3cda64d91aaaca85cc0382) Importer(815301076,1909f56bfc062723c751e8b465ee728b)  -> (artifact id: '5643c53e93c8ea34267dfd43c05a790a') in 0.003190 seconds 
  Import took 0.024145 seconds .

========================================================================
Received Import Request.
  Time since last request: 11.770113 seconds.
  path: Assets/ShootingRange/MainWall
  artifactKey: Guid(3486a19cae30e17478da3019459681fe) Importer(815301076,1909f56bfc062723c751e8b465ee728b)
Start importing Assets/ShootingRange/MainWall using Guid(3486a19cae30e17478da3019459681fe) Importer(815301076,1909f56bfc062723c751e8b465ee728b)  -> (artifact id: '86097a2aa5289f7c3fecc815a8d986da') in 0.004220 seconds 
  Import took 0.056720 seconds .

========================================================================
Received Import Request.
  Time since last request: 7.254265 seconds.
  path: Assets/ShootingRange/MainFloor.mat
  artifactKey: Guid(90285db5a05f2084b8f79a859be0fd4c) Importer(815301076,1909f56bfc062723c751e8b465ee728b)
Start importing Assets/ShootingRange/MainFloor.mat using Guid(90285db5a05f2084b8f79a859be0fd4c) Importer(815301076,1909f56bfc062723c751e8b465ee728b)  -> (artifact id: 'e1b3208a1ac8ce2756624eaa1367e616') in 0.058303 seconds 
  Import took 0.104946 seconds .

========================================================================
Received Import Request.
  Time since last request: 0.000255 seconds.
  path: Assets/ShootingRange/MainWall.mat
  artifactKey: Guid(00c9d2b790f758340a59d68b03848928) Importer(815301076,1909f56bfc062723c751e8b465ee728b)
Start importing Assets/ShootingRange/MainWall.mat using Guid(00c9d2b790f758340a59d68b03848928) Importer(815301076,1909f56bfc062723c751e8b465ee728b)  -> (artifact id: 'f9cfecb1a055e86ea3c93e45e6f4cf46') in 0.059114 seconds 
  Import took 0.083962 seconds .

========================================================================
Received Import Request.
  Time since last request: 50.743242 seconds.
  path: Assets/ShootingRange/Materials
  artifactKey: Guid(c55c9f1efca617c49ad0b2d9d6cd8fa5) Importer(815301076,1909f56bfc062723c751e8b465ee728b)
Start importing Assets/ShootingRange/Materials using Guid(c55c9f1efca617c49ad0b2d9d6cd8fa5) Importer(815301076,1909f56bfc062723c751e8b465ee728b)  -> (artifact id: '5f128cd6e0ffb704e5164c911ecb4f78') in 0.003723 seconds 
  Import took 0.011584 seconds .

========================================================================
Received Import Request.
  Time since last request: 9.934962 seconds.
  path: Assets/ShootingRange/Textures
  artifactKey: Guid(e2072c6254ad7f64cb0e9d644c6be0b4) Importer(815301076,1909f56bfc062723c751e8b465ee728b)
Start importing Assets/ShootingRange/Textures using Guid(e2072c6254ad7f64cb0e9d644c6be0b4) Importer(815301076,1909f56bfc062723c751e8b465ee728b)  -> (artifact id: '4bb823f3cc534d565067046e2df773bc') in 0.003782 seconds 
  Import took 0.026055 seconds .

========================================================================
Received Import Request.
  Time since last request: 27.324740 seconds.
  path: Assets/ShootingRange/Panels.mat
  artifactKey: Guid(5d3beb46269ccc6498847bb485e96da1) Importer(815301076,1909f56bfc062723c751e8b465ee728b)
Start importing Assets/ShootingRange/Panels.mat using Guid(5d3beb46269ccc6498847bb485e96da1) Importer(815301076,1909f56bfc062723c751e8b465ee728b)  -> (artifact id: 'f6163be177a6662108fdcaf52c17efd6') in 0.064664 seconds 
  Import took 0.113874 seconds .

========================================================================
Received Import Request.
  Time since last request: 23.819615 seconds.
  path: Assets/ShootingRange/Panel
  artifactKey: Guid(de36cfd6b9d6bff49b3117db7023f2ea) Importer(815301076,1909f56bfc062723c751e8b465ee728b)
Start importing Assets/ShootingRange/Panel using Guid(de36cfd6b9d6bff49b3117db7023f2ea) Importer(815301076,1909f56bfc062723c751e8b465ee728b)  -> (artifact id: '0a29f55c9390e10036e0aa3de2e53d47') in 0.004860 seconds 
  Import took 0.044375 seconds .

========================================================================
Received Import Request.
  Time since last request: 14.004708 seconds.
  path: Assets/ShootingRange/Table
  artifactKey: Guid(d79c9afdb84f24a439021804cd25b9be) Importer(815301076,1909f56bfc062723c751e8b465ee728b)
Start importing Assets/ShootingRange/Table using Guid(d79c9afdb84f24a439021804cd25b9be) Importer(815301076,1909f56bfc062723c751e8b465ee728b)  -> (artifact id: 'c0d8044475ed5be385492d4d814f90fa') in 0.004898 seconds 
  Import took 0.013755 seconds .

========================================================================
Received Import Request.
  Time since last request: 6.574040 seconds.
  path: Assets/ShootingRange/Table.mat
  artifactKey: Guid(3fc1533a1fb3baf42802d04bb049f011) Importer(815301076,1909f56bfc062723c751e8b465ee728b)
Start importing Assets/ShootingRange/Table.mat using Guid(3fc1533a1fb3baf42802d04bb049f011) Importer(815301076,1909f56bfc062723c751e8b465ee728b)  -> (artifact id: 'aa23ab5cedeb14081816fb223ea32db1') in 0.092293 seconds 
  Import took 0.099888 seconds .

========================================================================
Received Import Request.
  Time since last request: 74.654415 seconds.
  path: Assets/ShootingRange/Wings
  artifactKey: Guid(ed908a163f3b0624eaf2ae70837b9abd) Importer(815301076,1909f56bfc062723c751e8b465ee728b)
Start importing Assets/ShootingRange/Wings using Guid(ed908a163f3b0624eaf2ae70837b9abd) Importer(815301076,1909f56bfc062723c751e8b465ee728b)  -> (artifact id: '583e83efcfcf2f09008066362683447d') in 0.003875 seconds 
  Import took 0.035784 seconds .

========================================================================
Received Import Request.
  Time since last request: 4.978922 seconds.
  path: Assets/ShootingRange/Wings.mat
  artifactKey: Guid(9b64383200320de4dafd0f4840f62694) Importer(815301076,1909f56bfc062723c751e8b465ee728b)
Start importing Assets/ShootingRange/Wings.mat using Guid(9b64383200320de4dafd0f4840f62694) Importer(815301076,1909f56bfc062723c751e8b465ee728b)  -> (artifact id: '5ebca49c23fed695bbc72a4f39b4ff21') in 0.049047 seconds 
  Import took 0.056570 seconds .

========================================================================
Received Import Request.
  Time since last request: 12.948283 seconds.
  path: Assets/ShootingRange/Materials/MainWall.mat
  artifactKey: Guid(00c9d2b790f758340a59d68b03848928) Importer(815301076,1909f56bfc062723c751e8b465ee728b)
Start importing Assets/ShootingRange/Materials/MainWall.mat using Guid(00c9d2b790f758340a59d68b03848928) Importer(815301076,1909f56bfc062723c751e8b465ee728b)  -> (artifact id: 'bea5d2690eecb318cdc279066f19f798') in 0.069103 seconds 
  Import took 0.078411 seconds .

========================================================================
Received Import Request.
  Time since last request: 0.000238 seconds.
  path: Assets/ShootingRange/Materials/Table.mat
  artifactKey: Guid(3fc1533a1fb3baf42802d04bb049f011) Importer(815301076,1909f56bfc062723c751e8b465ee728b)
Start importing Assets/ShootingRange/Materials/Table.mat using Guid(3fc1533a1fb3baf42802d04bb049f011) Importer(815301076,1909f56bfc062723c751e8b465ee728b)  -> (artifact id: 'ec1cc91f8ff59bef2eb0d1fd760b413d') in 0.066952 seconds 
  Import took 0.075535 seconds .

========================================================================
Received Import Request.
  Time since last request: 0.000245 seconds.
  path: Assets/ShootingRange/Materials/Panels.mat
  artifactKey: Guid(5d3beb46269ccc6498847bb485e96da1) Importer(815301076,1909f56bfc062723c751e8b465ee728b)
Start importing Assets/ShootingRange/Materials/Panels.mat using Guid(5d3beb46269ccc6498847bb485e96da1) Importer(815301076,1909f56bfc062723c751e8b465ee728b)  -> (artifact id: '6d3721f25aeef55d1d58248aff6d6acc') in 0.067393 seconds 
  Import took 0.075698 seconds .

========================================================================
Received Import Request.
  Time since last request: 37.114361 seconds.
  path: Assets/ShootingRange/BoothWall
  artifactKey: Guid(e7ca5d7e84e37f14dbf30c105a51c299) Importer(815301076,1909f56bfc062723c751e8b465ee728b)
Start importing Assets/ShootingRange/BoothWall using Guid(e7ca5d7e84e37f14dbf30c105a51c299) Importer(815301076,1909f56bfc062723c751e8b465ee728b)  -> (artifact id: 'b41938df0af6213053cb63969541b81f') in 0.004009 seconds 
  Import took 0.019505 seconds .

========================================================================
Received Import Request.
  Time since last request: 6.916966 seconds.
  path: Assets/ShootingRange/BoothWall.mat
  artifactKey: Guid(ee3fc21c1ea51924e88063fdc41b0eca) Importer(815301076,1909f56bfc062723c751e8b465ee728b)
Start importing Assets/ShootingRange/BoothWall.mat using Guid(ee3fc21c1ea51924e88063fdc41b0eca) Importer(815301076,1909f56bfc062723c751e8b465ee728b)  -> (artifact id: 'c42e956e57b72df73870e6b74aba4e24') in 0.047821 seconds 
  Import took 0.054914 seconds .

========================================================================
Received Prepare
Registering precompiled user dll's ...
Registered in 0.007048 seconds.
Begin MonoManager ReloadAssembly
Native extension for WindowsStandalone target not found
Refreshing native plugins compatible for Editor in 1.72 ms, found 2 plugins.
Preloading 0 native plugins for Editor in 0.00 ms.
Mono: successfully reloaded assembly
- Completed reload, in  2.279 seconds
Domain Reload Profiling:
	ReloadAssembly (2280ms)
		BeginReloadAssembly (329ms)
			ExecutionOrderSort (0ms)
			DisableScriptedObjects (59ms)
			BackupInstance (0ms)
			ReleaseScriptingObjects (0ms)
			CreateAndSetChildDomain (92ms)
		EndReloadAssembly (1838ms)
			LoadAssemblies (181ms)
			RebuildTransferFunctionScriptingTraits (0ms)
			SetupTypeCache (592ms)
			ReleaseScriptCaches (3ms)
			RebuildScriptCaches (103ms)
			SetupLoadedEditorAssemblies (608ms)
				LogAssemblyErrors (0ms)
				InitializePlatformSupportModulesInManaged (6ms)
				SetLoadedEditorAssemblies (1ms)
				RefreshPlugins (2ms)
				BeforeProcessingInitializeOnLoad (99ms)
				ProcessInitializeOnLoadAttributes (468ms)
				ProcessInitializeOnLoadMethodAttributes (18ms)
				AfterProcessingInitializeOnLoad (13ms)
				EditorAssembliesLoaded (0ms)
			ExecutionOrderSort2 (0ms)
			AwakeInstancesAfterBackupRestoration (16ms)
Platform modules already initialized, skipping
Refreshing native plugins compatible for Editor in 1.40 ms, found 2 plugins.
Preloading 0 native plugins for Editor in 0.00 ms.
Unloading 3958 Unused Serialized files (Serialized files now loaded: 0)
System memory in use before: 199.2 MB.
System memory in use after: 199.4 MB.

Unloading 17 unused Assets to reduce memory usage. Loaded Objects now: 4847.
Total: 6.764500 ms (FindLiveObjects: 0.461600 ms CreateObjectMapping: 0.218800 ms MarkObjects: 6.060600 ms  DeleteObjects: 0.022100 ms)

AssetImportParameters requested are different than current active one (requested -> active):
  custom:framework-win-MediaFoundation: 216162199b28c13a410421893ffa2e32 -> 
  custom:video-decoder-ogg-theora: a1e56fd34408186e4bbccfd4996cb3dc -> 
  custom:container-muxer-webm: aa71ff27fc2769a1b78a27578f13a17b -> 
  custom:container-demuxer-webm: 4f35f7cbe854078d1ac9338744f61a02 -> 
  custom:container-demuxer-ogg: 62fdf1f143b41e24485cea50d1cbac27 -> 
  custom:video-encoder-webm-vp8: eb34c28f22e8b96e1ab97ce403110664 -> 
  custom:video-codec-MediaFoundation-h265: 746d11721c4dcdbdad8f713fa42b33f4 -> 
  custom:video-decoder-webm-vp8: 9c59270c3fd7afecdb556c50c9e8de78 -> 
  custom:audio-decoder-ogg-vorbis: bf7c407c2cedff20999df2af8eb42d56 -> 
  custom:audio-encoder-webm-vorbis: bf7c407c2cedff20999df2af8eb42d56 -> 
========================================================================
Received Import Request.
  Time since last request: 629.024558 seconds.
  path: Assets/ShootingRange/Materials/BoothWall.mat
  artifactKey: Guid(ee3fc21c1ea51924e88063fdc41b0eca) Importer(815301076,1909f56bfc062723c751e8b465ee728b)
Start importing Assets/ShootingRange/Materials/BoothWall.mat using Guid(ee3fc21c1ea51924e88063fdc41b0eca) Importer(815301076,1909f56bfc062723c751e8b465ee728b)  -> (artifact id: '6a41cc194ad429fbda306253f9683879') in 0.630914 seconds 
  Import took 0.640022 seconds .

========================================================================
Received Import Request.
  Time since last request: 0.000259 seconds.
  path: Assets/ShootingRange/Materials/Wings.mat
  artifactKey: Guid(9b64383200320de4dafd0f4840f62694) Importer(815301076,1909f56bfc062723c751e8b465ee728b)
Start importing Assets/ShootingRange/Materials/Wings.mat using Guid(9b64383200320de4dafd0f4840f62694) Importer(815301076,1909f56bfc062723c751e8b465ee728b)  -> (artifact id: '12acbb4af8fa463dc7c4df8e1dc24117') in 0.055430 seconds 
  Import took 1.466237 seconds .

========================================================================
Received Import Request.
  Time since last request: 14.249818 seconds.
  path: Assets/SampleSceneAssets/Textures/DensityVolumeTextures/3d_fractal_noise_sample01.tga
  artifactKey: Guid(836429d92e1b49443b7743362fdeb1fe) Importer(815301076,1909f56bfc062723c751e8b465ee728b)
Start importing Assets/SampleSceneAssets/Textures/DensityVolumeTextures/3d_fractal_noise_sample01.tga using Guid(836429d92e1b49443b7743362fdeb1fe) Importer(815301076,1909f56bfc062723c751e8b465ee728b)  -> (artifact id: '91fe9b2ad0c1df4e1ceb662f7ce8b81e') in 0.068211 seconds 
  Import took 0.111458 seconds .

========================================================================
Received Import Request.
  Time since last request: 0.000256 seconds.
  path: Assets/SampleSceneAssets/Textures/General/Bamboo_A_BNM.png
  artifactKey: Guid(f6341afdbd8d916429f1fb266c729b58) Importer(815301076,1909f56bfc062723c751e8b465ee728b)
Start importing Assets/SampleSceneAssets/Textures/General/Bamboo_A_BNM.png using Guid(f6341afdbd8d916429f1fb266c729b58) Importer(815301076,1909f56bfc062723c751e8b465ee728b)  -> (artifact id: '0553a41a39563cd7391e6dc81502c765') in 0.111116 seconds 
  Import took 0.120272 seconds .

========================================================================
Received Import Request.
  Time since last request: 0.000231 seconds.
  path: Assets/SampleSceneAssets/Textures/General/Bamboo_A_MaskMap.png
  artifactKey: Guid(0081f8fb9bc44a0448c0276d234cd68d) Importer(815301076,1909f56bfc062723c751e8b465ee728b)
Start importing Assets/SampleSceneAssets/Textures/General/Bamboo_A_MaskMap.png using Guid(0081f8fb9bc44a0448c0276d234cd68d) Importer(815301076,1909f56bfc062723c751e8b465ee728b)  -> (artifact id: '09217e2e744a3cd79f11a30e9aff801d') in 0.061309 seconds 
  Import took 0.093316 seconds .

========================================================================
Received Import Request.
  Time since last request: 0.000236 seconds.
  path: Assets/SampleSceneAssets/Textures/VFX/BamBoo_Leaves_Albedo.png
  artifactKey: Guid(8a51867cd75a2a7438c127fd7ae830e3) Importer(815301076,1909f56bfc062723c751e8b465ee728b)
Start importing Assets/SampleSceneAssets/Textures/VFX/BamBoo_Leaves_Albedo.png using Guid(8a51867cd75a2a7438c127fd7ae830e3) Importer(815301076,1909f56bfc062723c751e8b465ee728b)  -> (artifact id: 'f28d227a91d10490321bd7b9a821ec6b') in 0.042936 seconds 
  Import took 0.051115 seconds .

========================================================================
Received Import Request.
  Time since last request: 0.000292 seconds.
  path: Assets/SampleSceneAssets/Textures/General/Bamboo_A_Albedo.png
  artifactKey: Guid(d0988f211eac8ca4d84dd1290ce650de) Importer(815301076,1909f56bfc062723c751e8b465ee728b)
Start importing Assets/SampleSceneAssets/Textures/General/Bamboo_A_Albedo.png using Guid(d0988f211eac8ca4d84dd1290ce650de) Importer(815301076,1909f56bfc062723c751e8b465ee728b)  -> (artifact id: 'a7519fdecbfdbdc64491528c2cc4d853') in 0.038430 seconds 
  Import took 0.046186 seconds .

========================================================================
Received Import Request.
  Time since last request: 0.000222 seconds.
  path: Assets/SampleSceneAssets/Textures/General/Bamboo_A_Normal.png
  artifactKey: Guid(c92c870449b56f94f9a1fc7573e5f791) Importer(815301076,1909f56bfc062723c751e8b465ee728b)
Start importing Assets/SampleSceneAssets/Textures/General/Bamboo_A_Normal.png using Guid(c92c870449b56f94f9a1fc7573e5f791) Importer(815301076,1909f56bfc062723c751e8b465ee728b)  -> (artifact id: '99d0bf2af7118206472d43755377af8d') in 0.030534 seconds 
  Import took 0.040685 seconds .

========================================================================
Received Import Request.
  Time since last request: 0.000233 seconds.
  path: Assets/SampleSceneAssets/Textures/General/Bamboo_A_Height.png
  artifactKey: Guid(653861b580438e1429c55953041fab8a) Importer(815301076,1909f56bfc062723c751e8b465ee728b)
Start importing Assets/SampleSceneAssets/Textures/General/Bamboo_A_Height.png using Guid(653861b580438e1429c55953041fab8a) Importer(815301076,1909f56bfc062723c751e8b465ee728b)  -> (artifact id: 'b7fca5fb3cc70468d99dba23b8ccedf6') in 0.034278 seconds 
  Import took 0.042598 seconds .

========================================================================
Received Import Request.
  Time since last request: 0.000222 seconds.
  path: Assets/SampleSceneAssets/Textures/General/Bamboo_A_Thickness.png
  artifactKey: Guid(f6e15ec362c60e74cb03d3353528f79c) Importer(815301076,1909f56bfc062723c751e8b465ee728b)
Start importing Assets/SampleSceneAssets/Textures/General/Bamboo_A_Thickness.png using Guid(f6e15ec362c60e74cb03d3353528f79c) Importer(815301076,1909f56bfc062723c751e8b465ee728b)  -> (artifact id: '9c9e12b89ee06130440feed70c3c79e7') in 0.066268 seconds 
  Import took 0.084982 seconds .

========================================================================
Received Import Request.
  Time since last request: 213.819473 seconds.
  path: Assets/ShootingRange/Materials/Button.mat
  artifactKey: Guid(e87f758fc578e1a468f734600c3dd5d1) Importer(815301076,1909f56bfc062723c751e8b465ee728b)
Start importing Assets/ShootingRange/Materials/Button.mat using Guid(e87f758fc578e1a468f734600c3dd5d1) Importer(815301076,1909f56bfc062723c751e8b465ee728b)  -> (artifact id: '1feef1e01add7d7a8b14e876653448da') in 0.130202 seconds 
  Import took 0.176501 seconds .

========================================================================
Received Import Request.
  Time since last request: 0.082888 seconds.
  path: Assets/ShootingRange/Materials/Panels.mat
  artifactKey: Guid(5d3beb46269ccc6498847bb485e96da1) Importer(815301076,1909f56bfc062723c751e8b465ee728b)
Start importing Assets/ShootingRange/Materials/Panels.mat using Guid(5d3beb46269ccc6498847bb485e96da1) Importer(815301076,1909f56bfc062723c751e8b465ee728b)  -> (artifact id: '669b0275859446bfc915fc939c086cf8') in 0.105410 seconds 
  Import took 0.182365 seconds .

========================================================================
Received Prepare
Registering precompiled user dll's ...
Registered in 0.007625 seconds.
Begin MonoManager ReloadAssembly
Native extension for WindowsStandalone target not found
Refreshing native plugins compatible for Editor in 1.08 ms, found 5 plugins.
Preloading 0 native plugins for Editor in 0.00 ms.
Mono: successfully reloaded assembly
- Completed reload, in  1.710 seconds
Domain Reload Profiling:
	ReloadAssembly (1711ms)
		BeginReloadAssembly (191ms)
			ExecutionOrderSort (0ms)
			DisableScriptedObjects (34ms)
			BackupInstance (0ms)
			ReleaseScriptingObjects (0ms)
			CreateAndSetChildDomain (58ms)
		EndReloadAssembly (1442ms)
			LoadAssemblies (124ms)
			RebuildTransferFunctionScriptingTraits (0ms)
			SetupTypeCache (470ms)
			ReleaseScriptCaches (2ms)
			RebuildScriptCaches (79ms)
			SetupLoadedEditorAssemblies (488ms)
				LogAssemblyErrors (0ms)
				InitializePlatformSupportModulesInManaged (5ms)
				SetLoadedEditorAssemblies (1ms)
				RefreshPlugins (1ms)
				BeforeProcessingInitializeOnLoad (86ms)
				ProcessInitializeOnLoadAttributes (368ms)
				ProcessInitializeOnLoadMethodAttributes (16ms)
				AfterProcessingInitializeOnLoad (12ms)
				EditorAssembliesLoaded (0ms)
			ExecutionOrderSort2 (0ms)
			AwakeInstancesAfterBackupRestoration (24ms)
Platform modules already initialized, skipping
Refreshing native plugins compatible for Editor in 1.16 ms, found 5 plugins.
Preloading 0 native plugins for Editor in 0.00 ms.
Unloading 4088 Unused Serialized files (Serialized files now loaded: 0)
System memory in use before: 203.4 MB.
System memory in use after: 203.4 MB.

Unloading 30 unused Assets to reduce memory usage. Loaded Objects now: 5088.
Total: 6.690500 ms (FindLiveObjects: 0.447000 ms CreateObjectMapping: 0.158200 ms MarkObjects: 5.880400 ms  DeleteObjects: 0.203300 ms)

AssetImportParameters requested are different than current active one (requested -> active):
  custom:framework-win-MediaFoundation: 216162199b28c13a410421893ffa2e32 -> 
  custom:video-decoder-ogg-theora: a1e56fd34408186e4bbccfd4996cb3dc -> 
  custom:container-muxer-webm: aa71ff27fc2769a1b78a27578f13a17b -> 
  custom:container-demuxer-webm: 4f35f7cbe854078d1ac9338744f61a02 -> 
  custom:container-demuxer-ogg: 62fdf1f143b41e24485cea50d1cbac27 -> 
  custom:video-encoder-webm-vp8: eb34c28f22e8b96e1ab97ce403110664 -> 
  custom:video-codec-MediaFoundation-h265: 746d11721c4dcdbdad8f713fa42b33f4 -> 
  custom:video-decoder-webm-vp8: 9c59270c3fd7afecdb556c50c9e8de78 -> 
  custom:audio-decoder-ogg-vorbis: bf7c407c2cedff20999df2af8eb42d56 -> 
  custom:audio-encoder-webm-vorbis: bf7c407c2cedff20999df2af8eb42d56 -> 
========================================================================
Received Prepare
Registering precompiled user dll's ...
Registered in 0.007845 seconds.
Begin MonoManager ReloadAssembly
Native extension for WindowsStandalone target not found
Refreshing native plugins compatible for Editor in 2.56 ms, found 5 plugins.
Preloading 0 native plugins for Editor in 0.00 ms.
Mono: successfully reloaded assembly
- Completed reload, in  2.918 seconds
Domain Reload Profiling:
	ReloadAssembly (2919ms)
		BeginReloadAssembly (199ms)
			ExecutionOrderSort (0ms)
			DisableScriptedObjects (9ms)
			BackupInstance (0ms)
			ReleaseScriptingObjects (0ms)
			CreateAndSetChildDomain (65ms)
		EndReloadAssembly (2629ms)
			LoadAssemblies (168ms)
			RebuildTransferFunctionScriptingTraits (0ms)
			SetupTypeCache (807ms)
			ReleaseScriptCaches (4ms)
			RebuildScriptCaches (164ms)
			SetupLoadedEditorAssemblies (951ms)
				LogAssemblyErrors (0ms)
				InitializePlatformSupportModulesInManaged (11ms)
				SetLoadedEditorAssemblies (1ms)
				RefreshPlugins (3ms)
				BeforeProcessingInitializeOnLoad (160ms)
				ProcessInitializeOnLoadAttributes (724ms)
				ProcessInitializeOnLoadMethodAttributes (31ms)
				AfterProcessingInitializeOnLoad (20ms)
				EditorAssembliesLoaded (0ms)
			ExecutionOrderSort2 (0ms)
			AwakeInstancesAfterBackupRestoration (48ms)
Platform modules already initialized, skipping
Refreshing native plugins compatible for Editor in 2.10 ms, found 5 plugins.
Preloading 0 native plugins for Editor in 0.00 ms.
Unloading 4088 Unused Serialized files (Serialized files now loaded: 0)
System memory in use before: 203.4 MB.
System memory in use after: 203.4 MB.

Unloading 30 unused Assets to reduce memory usage. Loaded Objects now: 5090.
Total: 10.161500 ms (FindLiveObjects: 0.893800 ms CreateObjectMapping: 0.697500 ms MarkObjects: 8.298100 ms  DeleteObjects: 0.269900 ms)

AssetImportParameters requested are different than current active one (requested -> active):
  custom:framework-win-MediaFoundation: 216162199b28c13a410421893ffa2e32 -> 
  custom:video-decoder-ogg-theora: a1e56fd34408186e4bbccfd4996cb3dc -> 
  custom:container-muxer-webm: aa71ff27fc2769a1b78a27578f13a17b -> 
  custom:container-demuxer-webm: 4f35f7cbe854078d1ac9338744f61a02 -> 
  custom:container-demuxer-ogg: 62fdf1f143b41e24485cea50d1cbac27 -> 
  custom:video-encoder-webm-vp8: eb34c28f22e8b96e1ab97ce403110664 -> 
  custom:video-codec-MediaFoundation-h265: 746d11721c4dcdbdad8f713fa42b33f4 -> 
  custom:video-decoder-webm-vp8: 9c59270c3fd7afecdb556c50c9e8de78 -> 
  custom:audio-decoder-ogg-vorbis: bf7c407c2cedff20999df2af8eb42d56 -> 
  custom:audio-encoder-webm-vorbis: bf7c407c2cedff20999df2af8eb42d56 -> 
========================================================================
Received Import Request.
  Time since last request: 596.780579 seconds.
  path: Assets/CameraMove.anim
  artifactKey: Guid(e6e4431401e932c4f8cf1f0c47203070) Importer(815301076,1909f56bfc062723c751e8b465ee728b)
Start importing Assets/CameraMove.anim using Guid(e6e4431401e932c4f8cf1f0c47203070) Importer(815301076,1909f56bfc062723c751e8b465ee728b)  -> (artifact id: 'c2f8f589f0baf0e2b5bb48f6ff4218b5') in 0.061881 seconds 
  Import took 0.096127 seconds .

========================================================================
Received Prepare
Registering precompiled user dll's ...
Registered in 0.011634 seconds.
Begin MonoManager ReloadAssembly
Native extension for WindowsStandalone target not found
Refreshing native plugins compatible for Editor in 1.10 ms, found 5 plugins.
Preloading 0 native plugins for Editor in 0.00 ms.
Mono: successfully reloaded assembly
- Completed reload, in  1.749 seconds
Domain Reload Profiling:
	ReloadAssembly (1750ms)
		BeginReloadAssembly (188ms)
			ExecutionOrderSort (0ms)
			DisableScriptedObjects (8ms)
			BackupInstance (0ms)
			ReleaseScriptingObjects (0ms)
			CreateAndSetChildDomain (60ms)
		EndReloadAssembly (1466ms)
			LoadAssemblies (165ms)
			RebuildTransferFunctionScriptingTraits (0ms)
			SetupTypeCache (486ms)
			ReleaseScriptCaches (2ms)
			RebuildScriptCaches (78ms)
			SetupLoadedEditorAssemblies (479ms)
				LogAssemblyErrors (0ms)
				InitializePlatformSupportModulesInManaged (5ms)
				SetLoadedEditorAssemblies (1ms)
				RefreshPlugins (1ms)
				BeforeProcessingInitializeOnLoad (90ms)
				ProcessInitializeOnLoadAttributes (357ms)
				ProcessInitializeOnLoadMethodAttributes (15ms)
				AfterProcessingInitializeOnLoad (10ms)
				EditorAssembliesLoaded (0ms)
			ExecutionOrderSort2 (0ms)
			AwakeInstancesAfterBackupRestoration (23ms)
Platform modules already initialized, skipping
Refreshing native plugins compatible for Editor in 1.18 ms, found 5 plugins.
Preloading 0 native plugins for Editor in 0.00 ms.
Unloading 4088 Unused Serialized files (Serialized files now loaded: 0)
System memory in use before: 203.4 MB.
System memory in use after: 203.5 MB.

Unloading 30 unused Assets to reduce memory usage. Loaded Objects now: 5092.
Total: 7.016900 ms (FindLiveObjects: 0.552000 ms CreateObjectMapping: 0.274600 ms MarkObjects: 5.966500 ms  DeleteObjects: 0.221700 ms)

AssetImportParameters requested are different than current active one (requested -> active):
  custom:framework-win-MediaFoundation: 216162199b28c13a410421893ffa2e32 -> 
  custom:video-decoder-ogg-theora: a1e56fd34408186e4bbccfd4996cb3dc -> 
  custom:container-muxer-webm: aa71ff27fc2769a1b78a27578f13a17b -> 
  custom:container-demuxer-webm: 4f35f7cbe854078d1ac9338744f61a02 -> 
  custom:container-demuxer-ogg: 62fdf1f143b41e24485cea50d1cbac27 -> 
  custom:video-encoder-webm-vp8: eb34c28f22e8b96e1ab97ce403110664 -> 
  custom:video-codec-MediaFoundation-h265: 746d11721c4dcdbdad8f713fa42b33f4 -> 
  custom:video-decoder-webm-vp8: 9c59270c3fd7afecdb556c50c9e8de78 -> 
  custom:audio-decoder-ogg-vorbis: bf7c407c2cedff20999df2af8eb42d56 -> 
  custom:audio-encoder-webm-vorbis: bf7c407c2cedff20999df2af8eb42d56 -> 
========================================================================
Received Prepare
Registering precompiled user dll's ...
Registered in 0.007811 seconds.
Begin MonoManager ReloadAssembly
Native extension for WindowsStandalone target not found
Refreshing native plugins compatible for Editor in 1.07 ms, found 5 plugins.
Preloading 0 native plugins for Editor in 0.00 ms.
Mono: successfully reloaded assembly
- Completed reload, in  1.798 seconds
Domain Reload Profiling:
	ReloadAssembly (1798ms)
		BeginReloadAssembly (146ms)
			ExecutionOrderSort (0ms)
			DisableScriptedObjects (6ms)
			BackupInstance (0ms)
			ReleaseScriptingObjects (0ms)
			CreateAndSetChildDomain (47ms)
		EndReloadAssembly (1567ms)
			LoadAssemblies (148ms)
			RebuildTransferFunctionScriptingTraits (0ms)
			SetupTypeCache (559ms)
			ReleaseScriptCaches (2ms)
			RebuildScriptCaches (83ms)
			SetupLoadedEditorAssemblies (483ms)
				LogAssemblyErrors (0ms)
				InitializePlatformSupportModulesInManaged (5ms)
				SetLoadedEditorAssemblies (1ms)
				RefreshPlugins (1ms)
				BeforeProcessingInitializeOnLoad (87ms)
				ProcessInitializeOnLoadAttributes (362ms)
				ProcessInitializeOnLoadMethodAttributes (16ms)
				AfterProcessingInitializeOnLoad (12ms)
				EditorAssembliesLoaded (0ms)
			ExecutionOrderSort2 (0ms)
			AwakeInstancesAfterBackupRestoration (22ms)
Platform modules already initialized, skipping
Refreshing native plugins compatible for Editor in 1.05 ms, found 5 plugins.
Preloading 0 native plugins for Editor in 0.00 ms.
Unloading 4088 Unused Serialized files (Serialized files now loaded: 0)
System memory in use before: 203.4 MB.
System memory in use after: 203.5 MB.

Unloading 30 unused Assets to reduce memory usage. Loaded Objects now: 5094.
Total: 8.129100 ms (FindLiveObjects: 0.809800 ms CreateObjectMapping: 1.006000 ms MarkObjects: 6.075600 ms  DeleteObjects: 0.236200 ms)

AssetImportParameters requested are different than current active one (requested -> active):
  custom:framework-win-MediaFoundation: 216162199b28c13a410421893ffa2e32 -> 
  custom:video-decoder-ogg-theora: a1e56fd34408186e4bbccfd4996cb3dc -> 
  custom:container-muxer-webm: aa71ff27fc2769a1b78a27578f13a17b -> 
  custom:container-demuxer-webm: 4f35f7cbe854078d1ac9338744f61a02 -> 
  custom:container-demuxer-ogg: 62fdf1f143b41e24485cea50d1cbac27 -> 
  custom:video-encoder-webm-vp8: eb34c28f22e8b96e1ab97ce403110664 -> 
  custom:video-codec-MediaFoundation-h265: 746d11721c4dcdbdad8f713fa42b33f4 -> 
  custom:video-decoder-webm-vp8: 9c59270c3fd7afecdb556c50c9e8de78 -> 
  custom:audio-decoder-ogg-vorbis: bf7c407c2cedff20999df2af8eb42d56 -> 
  custom:audio-encoder-webm-vorbis: bf7c407c2cedff20999df2af8eb42d56 -> 
========================================================================
Received Prepare
Registering precompiled user dll's ...
Registered in 0.009676 seconds.
Begin MonoManager ReloadAssembly
Native extension for WindowsStandalone target not found
Refreshing native plugins compatible for Editor in 1.67 ms, found 5 plugins.
Preloading 0 native plugins for Editor in 0.00 ms.
Mono: successfully reloaded assembly
- Completed reload, in  1.814 seconds
Domain Reload Profiling:
	ReloadAssembly (1814ms)
		BeginReloadAssembly (179ms)
			ExecutionOrderSort (0ms)
			DisableScriptedObjects (7ms)
			BackupInstance (0ms)
			ReleaseScriptingObjects (0ms)
			CreateAndSetChildDomain (54ms)
		EndReloadAssembly (1539ms)
			LoadAssemblies (154ms)
			RebuildTransferFunctionScriptingTraits (0ms)
			SetupTypeCache (504ms)
			ReleaseScriptCaches (2ms)
			RebuildScriptCaches (84ms)
			SetupLoadedEditorAssemblies (497ms)
				LogAssemblyErrors (0ms)
				InitializePlatformSupportModulesInManaged (7ms)
				SetLoadedEditorAssemblies (1ms)
				RefreshPlugins (2ms)
				BeforeProcessingInitializeOnLoad (96ms)
				ProcessInitializeOnLoadAttributes (366ms)
				ProcessInitializeOnLoadMethodAttributes (15ms)
				AfterProcessingInitializeOnLoad (10ms)
				EditorAssembliesLoaded (0ms)
			ExecutionOrderSort2 (0ms)
			AwakeInstancesAfterBackupRestoration (27ms)
Platform modules already initialized, skipping
Refreshing native plugins compatible for Editor in 1.13 ms, found 5 plugins.
Preloading 0 native plugins for Editor in 0.00 ms.
Unloading 4088 Unused Serialized files (Serialized files now loaded: 0)
System memory in use before: 203.5 MB.
System memory in use after: 203.5 MB.

Unloading 30 unused Assets to reduce memory usage. Loaded Objects now: 5096.
Total: 6.738500 ms (FindLiveObjects: 0.665200 ms CreateObjectMapping: 0.326400 ms MarkObjects: 5.545200 ms  DeleteObjects: 0.200000 ms)

AssetImportParameters requested are different than current active one (requested -> active):
  custom:framework-win-MediaFoundation: 216162199b28c13a410421893ffa2e32 -> 
  custom:video-decoder-ogg-theora: a1e56fd34408186e4bbccfd4996cb3dc -> 
  custom:container-muxer-webm: aa71ff27fc2769a1b78a27578f13a17b -> 
  custom:container-demuxer-webm: 4f35f7cbe854078d1ac9338744f61a02 -> 
  custom:container-demuxer-ogg: 62fdf1f143b41e24485cea50d1cbac27 -> 
  custom:video-encoder-webm-vp8: eb34c28f22e8b96e1ab97ce403110664 -> 
  custom:video-codec-MediaFoundation-h265: 746d11721c4dcdbdad8f713fa42b33f4 -> 
  custom:video-decoder-webm-vp8: 9c59270c3fd7afecdb556c50c9e8de78 -> 
  custom:audio-decoder-ogg-vorbis: bf7c407c2cedff20999df2af8eb42d56 -> 
  custom:audio-encoder-webm-vorbis: bf7c407c2cedff20999df2af8eb42d56 -> 
========================================================================
Received Prepare
Registering precompiled user dll's ...
Registered in 0.009239 seconds.
Begin MonoManager ReloadAssembly
Native extension for WindowsStandalone target not found
Refreshing native plugins compatible for Editor in 1.07 ms, found 5 plugins.
Preloading 0 native plugins for Editor in 0.00 ms.
Mono: successfully reloaded assembly
- Completed reload, in  1.658 seconds
Domain Reload Profiling:
	ReloadAssembly (1659ms)
		BeginReloadAssembly (150ms)
			ExecutionOrderSort (0ms)
			DisableScriptedObjects (6ms)
			BackupInstance (0ms)
			ReleaseScriptingObjects (0ms)
			CreateAndSetChildDomain (43ms)
		EndReloadAssembly (1428ms)
			LoadAssemblies (115ms)
			RebuildTransferFunctionScriptingTraits (0ms)
			SetupTypeCache (454ms)
			ReleaseScriptCaches (2ms)
			RebuildScriptCaches (79ms)
			SetupLoadedEditorAssemblies (481ms)
				LogAssemblyErrors (0ms)
				InitializePlatformSupportModulesInManaged (5ms)
				SetLoadedEditorAssemblies (1ms)
				RefreshPlugins (1ms)
				BeforeProcessingInitializeOnLoad (92ms)
				ProcessInitializeOnLoadAttributes (354ms)
				ProcessInitializeOnLoadMethodAttributes (15ms)
				AfterProcessingInitializeOnLoad (13ms)
				EditorAssembliesLoaded (0ms)
			ExecutionOrderSort2 (0ms)
			AwakeInstancesAfterBackupRestoration (24ms)
Platform modules already initialized, skipping
Refreshing native plugins compatible for Editor in 1.85 ms, found 5 plugins.
Preloading 0 native plugins for Editor in 0.00 ms.
Unloading 4088 Unused Serialized files (Serialized files now loaded: 0)
System memory in use before: 203.5 MB.
System memory in use after: 203.5 MB.

Unloading 30 unused Assets to reduce memory usage. Loaded Objects now: 5098.
Total: 7.003400 ms (FindLiveObjects: 0.510800 ms CreateObjectMapping: 0.301000 ms MarkObjects: 5.953900 ms  DeleteObjects: 0.236200 ms)

AssetImportParameters requested are different than current active one (requested -> active):
  custom:framework-win-MediaFoundation: 216162199b28c13a410421893ffa2e32 -> 
  custom:video-decoder-ogg-theora: a1e56fd34408186e4bbccfd4996cb3dc -> 
  custom:container-muxer-webm: aa71ff27fc2769a1b78a27578f13a17b -> 
  custom:container-demuxer-webm: 4f35f7cbe854078d1ac9338744f61a02 -> 
  custom:container-demuxer-ogg: 62fdf1f143b41e24485cea50d1cbac27 -> 
  custom:video-encoder-webm-vp8: eb34c28f22e8b96e1ab97ce403110664 -> 
  custom:video-codec-MediaFoundation-h265: 746d11721c4dcdbdad8f713fa42b33f4 -> 
  custom:video-decoder-webm-vp8: 9c59270c3fd7afecdb556c50c9e8de78 -> 
  custom:audio-decoder-ogg-vorbis: bf7c407c2cedff20999df2af8eb42d56 -> 
  custom:audio-encoder-webm-vorbis: bf7c407c2cedff20999df2af8eb42d56 -> 
========================================================================
Received Prepare
Registering precompiled user dll's ...
Registered in 0.007895 seconds.
Begin MonoManager ReloadAssembly
Native extension for WindowsStandalone target not found
Refreshing native plugins compatible for Editor in 1.07 ms, found 5 plugins.
Preloading 0 native plugins for Editor in 0.00 ms.
Mono: successfully reloaded assembly
- Completed reload, in  1.744 seconds
Domain Reload Profiling:
	ReloadAssembly (1744ms)
		BeginReloadAssembly (156ms)
			ExecutionOrderSort (0ms)
			DisableScriptedObjects (7ms)
			BackupInstance (0ms)
			ReleaseScriptingObjects (0ms)
			CreateAndSetChildDomain (45ms)
		EndReloadAssembly (1502ms)
			LoadAssemblies (138ms)
			RebuildTransferFunctionScriptingTraits (0ms)
			SetupTypeCache (488ms)
			ReleaseScriptCaches (2ms)
			RebuildScriptCaches (82ms)
			SetupLoadedEditorAssemblies (522ms)
				LogAssemblyErrors (0ms)
				InitializePlatformSupportModulesInManaged (5ms)
				SetLoadedEditorAssemblies (1ms)
				RefreshPlugins (1ms)
				BeforeProcessingInitializeOnLoad (86ms)
				ProcessInitializeOnLoadAttributes (402ms)
				ProcessInitializeOnLoadMethodAttributes (15ms)
				AfterProcessingInitializeOnLoad (11ms)
				EditorAssembliesLoaded (0ms)
			ExecutionOrderSort2 (0ms)
			AwakeInstancesAfterBackupRestoration (26ms)
Platform modules already initialized, skipping
Refreshing native plugins compatible for Editor in 1.08 ms, found 5 plugins.
Preloading 0 native plugins for Editor in 0.00 ms.
Unloading 4088 Unused Serialized files (Serialized files now loaded: 0)
System memory in use before: 203.5 MB.
System memory in use after: 203.5 MB.

Unloading 30 unused Assets to reduce memory usage. Loaded Objects now: 5100.
Total: 5.433300 ms (FindLiveObjects: 0.419400 ms CreateObjectMapping: 0.117300 ms MarkObjects: 4.697200 ms  DeleteObjects: 0.197700 ms)

AssetImportParameters requested are different than current active one (requested -> active):
  custom:framework-win-MediaFoundation: 216162199b28c13a410421893ffa2e32 -> 
  custom:video-decoder-ogg-theora: a1e56fd34408186e4bbccfd4996cb3dc -> 
  custom:container-muxer-webm: aa71ff27fc2769a1b78a27578f13a17b -> 
  custom:container-demuxer-webm: 4f35f7cbe854078d1ac9338744f61a02 -> 
  custom:container-demuxer-ogg: 62fdf1f143b41e24485cea50d1cbac27 -> 
  custom:video-encoder-webm-vp8: eb34c28f22e8b96e1ab97ce403110664 -> 
  custom:video-codec-MediaFoundation-h265: 746d11721c4dcdbdad8f713fa42b33f4 -> 
  custom:video-decoder-webm-vp8: 9c59270c3fd7afecdb556c50c9e8de78 -> 
  custom:audio-decoder-ogg-vorbis: bf7c407c2cedff20999df2af8eb42d56 -> 
  custom:audio-encoder-webm-vorbis: bf7c407c2cedff20999df2af8eb42d56 -> 
========================================================================
Received Prepare
Registering precompiled user dll's ...
Registered in 0.007219 seconds.
Begin MonoManager ReloadAssembly
Native extension for WindowsStandalone target not found
Refreshing native plugins compatible for Editor in 1.51 ms, found 5 plugins.
Preloading 0 native plugins for Editor in 0.00 ms.
Mono: successfully reloaded assembly
- Completed reload, in  1.736 seconds
Domain Reload Profiling:
	ReloadAssembly (1736ms)
		BeginReloadAssembly (151ms)
			ExecutionOrderSort (0ms)
			DisableScriptedObjects (6ms)
			BackupInstance (0ms)
			ReleaseScriptingObjects (0ms)
			CreateAndSetChildDomain (51ms)
		EndReloadAssembly (1502ms)
			LoadAssemblies (119ms)
			RebuildTransferFunctionScriptingTraits (0ms)
			SetupTypeCache (492ms)
			ReleaseScriptCaches (2ms)
			RebuildScriptCaches (87ms)
			SetupLoadedEditorAssemblies (496ms)
				LogAssemblyErrors (0ms)
				InitializePlatformSupportModulesInManaged (5ms)
				SetLoadedEditorAssemblies (1ms)
				RefreshPlugins (2ms)
				BeforeProcessingInitializeOnLoad (96ms)
				ProcessInitializeOnLoadAttributes (366ms)
				ProcessInitializeOnLoadMethodAttributes (16ms)
				AfterProcessingInitializeOnLoad (10ms)
				EditorAssembliesLoaded (0ms)
			ExecutionOrderSort2 (0ms)
			AwakeInstancesAfterBackupRestoration (24ms)
Platform modules already initialized, skipping
Refreshing native plugins compatible for Editor in 1.62 ms, found 5 plugins.
Preloading 0 native plugins for Editor in 0.00 ms.
Unloading 4088 Unused Serialized files (Serialized files now loaded: 0)
System memory in use before: 203.5 MB.
System memory in use after: 203.5 MB.

Unloading 30 unused Assets to reduce memory usage. Loaded Objects now: 5102.
Total: 7.141000 ms (FindLiveObjects: 0.484900 ms CreateObjectMapping: 0.282500 ms MarkObjects: 6.117900 ms  DeleteObjects: 0.254000 ms)

AssetImportParameters requested are different than current active one (requested -> active):
  custom:framework-win-MediaFoundation: 216162199b28c13a410421893ffa2e32 -> 
  custom:video-decoder-ogg-theora: a1e56fd34408186e4bbccfd4996cb3dc -> 
  custom:container-muxer-webm: aa71ff27fc2769a1b78a27578f13a17b -> 
  custom:container-demuxer-webm: 4f35f7cbe854078d1ac9338744f61a02 -> 
  custom:container-demuxer-ogg: 62fdf1f143b41e24485cea50d1cbac27 -> 
  custom:video-encoder-webm-vp8: eb34c28f22e8b96e1ab97ce403110664 -> 
  custom:video-codec-MediaFoundation-h265: 746d11721c4dcdbdad8f713fa42b33f4 -> 
  custom:video-decoder-webm-vp8: 9c59270c3fd7afecdb556c50c9e8de78 -> 
  custom:audio-decoder-ogg-vorbis: bf7c407c2cedff20999df2af8eb42d56 -> 
  custom:audio-encoder-webm-vorbis: bf7c407c2cedff20999df2af8eb42d56 -> 
========================================================================
Received Prepare
Registering precompiled user dll's ...
Registered in 0.008589 seconds.
Begin MonoManager ReloadAssembly
Native extension for WindowsStandalone target not found
Refreshing native plugins compatible for Editor in 1.10 ms, found 5 plugins.
Preloading 0 native plugins for Editor in 0.00 ms.
Mono: successfully reloaded assembly
- Completed reload, in  1.728 seconds
Domain Reload Profiling:
	ReloadAssembly (1729ms)
		BeginReloadAssembly (149ms)
			ExecutionOrderSort (0ms)
			DisableScriptedObjects (6ms)
			BackupInstance (0ms)
			ReleaseScriptingObjects (0ms)
			CreateAndSetChildDomain (45ms)
		EndReloadAssembly (1501ms)
			LoadAssemblies (134ms)
			RebuildTransferFunctionScriptingTraits (0ms)
			SetupTypeCache (447ms)
			ReleaseScriptCaches (3ms)
			RebuildScriptCaches (98ms)
			SetupLoadedEditorAssemblies (486ms)
				LogAssemblyErrors (0ms)
				InitializePlatformSupportModulesInManaged (5ms)
				SetLoadedEditorAssemblies (1ms)
				RefreshPlugins (1ms)
				BeforeProcessingInitializeOnLoad (87ms)
				ProcessInitializeOnLoadAttributes (364ms)
				ProcessInitializeOnLoadMethodAttributes (16ms)
				AfterProcessingInitializeOnLoad (12ms)
				EditorAssembliesLoaded (0ms)
			ExecutionOrderSort2 (0ms)
			AwakeInstancesAfterBackupRestoration (24ms)
Platform modules already initialized, skipping
Refreshing native plugins compatible for Editor in 1.11 ms, found 5 plugins.
Preloading 0 native plugins for Editor in 0.00 ms.
Unloading 4088 Unused Serialized files (Serialized files now loaded: 0)
System memory in use before: 203.5 MB.
System memory in use after: 203.5 MB.

Unloading 30 unused Assets to reduce memory usage. Loaded Objects now: 5104.
Total: 6.768000 ms (FindLiveObjects: 0.535100 ms CreateObjectMapping: 0.323800 ms MarkObjects: 5.667600 ms  DeleteObjects: 0.239900 ms)

AssetImportParameters requested are different than current active one (requested -> active):
  custom:framework-win-MediaFoundation: 216162199b28c13a410421893ffa2e32 -> 
  custom:video-decoder-ogg-theora: a1e56fd34408186e4bbccfd4996cb3dc -> 
  custom:container-muxer-webm: aa71ff27fc2769a1b78a27578f13a17b -> 
  custom:container-demuxer-webm: 4f35f7cbe854078d1ac9338744f61a02 -> 
  custom:container-demuxer-ogg: 62fdf1f143b41e24485cea50d1cbac27 -> 
  custom:video-encoder-webm-vp8: eb34c28f22e8b96e1ab97ce403110664 -> 
  custom:video-codec-MediaFoundation-h265: 746d11721c4dcdbdad8f713fa42b33f4 -> 
  custom:video-decoder-webm-vp8: 9c59270c3fd7afecdb556c50c9e8de78 -> 
  custom:audio-decoder-ogg-vorbis: bf7c407c2cedff20999df2af8eb42d56 -> 
  custom:audio-encoder-webm-vorbis: bf7c407c2cedff20999df2af8eb42d56 -> 
========================================================================
Received Prepare
Registering precompiled user dll's ...
Registered in 0.011055 seconds.
Begin MonoManager ReloadAssembly
Native extension for WindowsStandalone target not found
Refreshing native plugins compatible for Editor in 1.08 ms, found 5 plugins.
Preloading 0 native plugins for Editor in 0.00 ms.
Mono: successfully reloaded assembly
- Completed reload, in  1.652 seconds
Domain Reload Profiling:
	ReloadAssembly (1652ms)
		BeginReloadAssembly (147ms)
			ExecutionOrderSort (0ms)
			DisableScriptedObjects (6ms)
			BackupInstance (0ms)
			ReleaseScriptingObjects (0ms)
			CreateAndSetChildDomain (54ms)
		EndReloadAssembly (1428ms)
			LoadAssemblies (128ms)
			RebuildTransferFunctionScriptingTraits (0ms)
			SetupTypeCache (462ms)
			ReleaseScriptCaches (2ms)
			RebuildScriptCaches (83ms)
			SetupLoadedEditorAssemblies (468ms)
				LogAssemblyErrors (0ms)
				InitializePlatformSupportModulesInManaged (4ms)
				SetLoadedEditorAssemblies (1ms)
				RefreshPlugins (1ms)
				BeforeProcessingInitializeOnLoad (86ms)
				ProcessInitializeOnLoadAttributes (348ms)
				ProcessInitializeOnLoadMethodAttributes (17ms)
				AfterProcessingInitializeOnLoad (11ms)
				EditorAssembliesLoaded (0ms)
			ExecutionOrderSort2 (0ms)
			AwakeInstancesAfterBackupRestoration (24ms)
Platform modules already initialized, skipping
Refreshing native plugins compatible for Editor in 1.06 ms, found 5 plugins.
Preloading 0 native plugins for Editor in 0.00 ms.
Unloading 4088 Unused Serialized files (Serialized files now loaded: 0)
System memory in use before: 203.5 MB.
System memory in use after: 203.6 MB.

Unloading 30 unused Assets to reduce memory usage. Loaded Objects now: 5106.
Total: 6.757700 ms (FindLiveObjects: 0.473400 ms CreateObjectMapping: 0.163500 ms MarkObjects: 5.881100 ms  DeleteObjects: 0.238100 ms)

AssetImportParameters requested are different than current active one (requested -> active):
  custom:framework-win-MediaFoundation: 216162199b28c13a410421893ffa2e32 -> 
  custom:video-decoder-ogg-theora: a1e56fd34408186e4bbccfd4996cb3dc -> 
  custom:container-muxer-webm: aa71ff27fc2769a1b78a27578f13a17b -> 
  custom:container-demuxer-webm: 4f35f7cbe854078d1ac9338744f61a02 -> 
  custom:container-demuxer-ogg: 62fdf1f143b41e24485cea50d1cbac27 -> 
  custom:video-encoder-webm-vp8: eb34c28f22e8b96e1ab97ce403110664 -> 
  custom:video-codec-MediaFoundation-h265: 746d11721c4dcdbdad8f713fa42b33f4 -> 
  custom:video-decoder-webm-vp8: 9c59270c3fd7afecdb556c50c9e8de78 -> 
  custom:audio-decoder-ogg-vorbis: bf7c407c2cedff20999df2af8eb42d56 -> 
  custom:audio-encoder-webm-vorbis: bf7c407c2cedff20999df2af8eb42d56 -> 
========================================================================
Received Prepare
Registering precompiled user dll's ...
Registered in 0.008206 seconds.
Begin MonoManager ReloadAssembly
Native extension for WindowsStandalone target not found
Refreshing native plugins compatible for Editor in 1.71 ms, found 5 plugins.
Preloading 0 native plugins for Editor in 0.00 ms.
Mono: successfully reloaded assembly
- Completed reload, in  1.697 seconds
Domain Reload Profiling:
	ReloadAssembly (1698ms)
		BeginReloadAssembly (149ms)
			ExecutionOrderSort (0ms)
			DisableScriptedObjects (5ms)
			BackupInstance (0ms)
			ReleaseScriptingObjects (0ms)
			CreateAndSetChildDomain (45ms)
		EndReloadAssembly (1458ms)
			LoadAssemblies (133ms)
			RebuildTransferFunctionScriptingTraits (0ms)
			SetupTypeCache (457ms)
			ReleaseScriptCaches (3ms)
			RebuildScriptCaches (79ms)
			SetupLoadedEditorAssemblies (491ms)
				LogAssemblyErrors (0ms)
				InitializePlatformSupportModulesInManaged (5ms)
				SetLoadedEditorAssemblies (1ms)
				RefreshPlugins (2ms)
				BeforeProcessingInitializeOnLoad (91ms)
				ProcessInitializeOnLoadAttributes (367ms)
				ProcessInitializeOnLoadMethodAttributes (15ms)
				AfterProcessingInitializeOnLoad (11ms)
				EditorAssembliesLoaded (0ms)
			ExecutionOrderSort2 (0ms)
			AwakeInstancesAfterBackupRestoration (27ms)
Platform modules already initialized, skipping
Refreshing native plugins compatible for Editor in 1.17 ms, found 5 plugins.
Preloading 0 native plugins for Editor in 0.00 ms.
Unloading 4088 Unused Serialized files (Serialized files now loaded: 0)
System memory in use before: 203.5 MB.
System memory in use after: 203.6 MB.

Unloading 30 unused Assets to reduce memory usage. Loaded Objects now: 5108.
Total: 5.713800 ms (FindLiveObjects: 0.512100 ms CreateObjectMapping: 0.189200 ms MarkObjects: 4.801200 ms  DeleteObjects: 0.209800 ms)

AssetImportParameters requested are different than current active one (requested -> active):
  custom:framework-win-MediaFoundation: 216162199b28c13a410421893ffa2e32 -> 
  custom:video-decoder-ogg-theora: a1e56fd34408186e4bbccfd4996cb3dc -> 
  custom:container-muxer-webm: aa71ff27fc2769a1b78a27578f13a17b -> 
  custom:container-demuxer-webm: 4f35f7cbe854078d1ac9338744f61a02 -> 
  custom:container-demuxer-ogg: 62fdf1f143b41e24485cea50d1cbac27 -> 
  custom:video-encoder-webm-vp8: eb34c28f22e8b96e1ab97ce403110664 -> 
  custom:video-codec-MediaFoundation-h265: 746d11721c4dcdbdad8f713fa42b33f4 -> 
  custom:video-decoder-webm-vp8: 9c59270c3fd7afecdb556c50c9e8de78 -> 
  custom:audio-decoder-ogg-vorbis: bf7c407c2cedff20999df2af8eb42d56 -> 
  custom:audio-encoder-webm-vorbis: bf7c407c2cedff20999df2af8eb42d56 -> 
AssetImportWorkerClient::OnTransportError - code=2 error=End of file
